<?xml version="1.0" encoding="UTF-8"?>
<robot generator="Robot 4.0.2.dev1 (Python 3.9.4 on win32)" generated="20210511 23:33:32.291" rpa="false" schemaversion="2">
<suite id="s1" name="Tests" source="C:\Users\isaco\OneDrive\Dokument\spring-petclinic-angular-and-rest-master-main\spring-petclinic-angular\Robotframework\Tests">
<suite id="s1-s1" name="PetClinicAddOwner" source="C:\Users\isaco\OneDrive\Dokument\spring-petclinic-angular-and-rest-master-main\spring-petclinic-angular\Robotframework\Tests\PetClinicAddOwner.robot">
<test id="s1-s1-t1" name="Test add a new owner">
<kw name="Begin WebTest" library="PetclinicKeywords" type="SETUP">
<kw name="Open Browser" library="SeleniumLibrary">
<arg>about:blank</arg>
<arg>${BROWSER}</arg>
<doc>Opens a new browser instance to the optional ``url``.</doc>
<msg timestamp="20210511 23:33:32.723" level="INFO">Opening browser 'chrome' to base url 'about:blank'.</msg>
<status status="PASS" starttime="20210511 23:33:32.722" endtime="20210511 23:33:34.349"/>
</kw>
<kw name="Set Selenium Speed" library="SeleniumLibrary">
<arg>0.07</arg>
<doc>Sets the delay that is waited after each Selenium command.</doc>
<status status="PASS" starttime="20210511 23:33:34.350" endtime="20210511 23:33:34.350"/>
</kw>
<status status="PASS" starttime="20210511 23:33:32.721" endtime="20210511 23:33:34.350"/>
</kw>
<kw name="Given that the user is on the landing page" library="PetclinicKeywords">
<kw name="Go To Web Page" library="PetclinicKeywords">
<kw name="Load Page" library="PetclinicKeywords">
<kw name="Go To" library="SeleniumLibrary">
<arg>${URL}</arg>
<doc>Navigates the current browser window to the provided ``url``.</doc>
<msg timestamp="20210511 23:33:34.365" level="INFO">Opening url 'http://localhost:4200/'</msg>
<status status="PASS" starttime="20210511 23:33:34.364" endtime="20210511 23:33:35.179"/>
</kw>
<status status="PASS" starttime="20210511 23:33:34.363" endtime="20210511 23:33:35.179"/>
</kw>
<kw name="Verify Page Loaded" library="PetclinicKeywords">
<kw name="Get Text" library="SeleniumLibrary">
<var>${actualTerm}</var>
<arg>xpath:/html/body/app-root/app-welcome/h1</arg>
<doc>Returns the text value of the element identified by ``locator``.</doc>
<msg timestamp="20210511 23:33:35.365" level="INFO">${actualTerm} = Welcome to Petclinic</msg>
<status status="PASS" starttime="20210511 23:33:35.180" endtime="20210511 23:33:35.365"/>
</kw>
<kw name="Should Be Equal" library="BuiltIn">
<arg>${Welcome_Message}</arg>
<arg>${actualTerm}</arg>
<doc>Fails if the given objects are unequal.</doc>
<status status="PASS" starttime="20210511 23:33:35.365" endtime="20210511 23:33:35.366"/>
</kw>
<status status="PASS" starttime="20210511 23:33:35.179" endtime="20210511 23:33:35.366"/>
</kw>
<status status="PASS" starttime="20210511 23:33:34.363" endtime="20210511 23:33:35.367"/>
</kw>
<status status="PASS" starttime="20210511 23:33:34.362" endtime="20210511 23:33:35.367"/>
</kw>
<kw name="When a user Creates a new owner" library="PetclinicKeywords">
<kw name="Click Element" library="SeleniumLibrary">
<arg>xpath://a[contains(text(),'Owners')]</arg>
<doc>Click the element identified by ``locator``.</doc>
<msg timestamp="20210511 23:33:35.369" level="INFO">Clicking element 'xpath://a[contains(text(),'Owners')]'.</msg>
<status status="PASS" starttime="20210511 23:33:35.368" endtime="20210511 23:33:35.585"/>
</kw>
<kw name="Wait Until Page Contains" library="SeleniumLibrary">
<arg>Owners</arg>
<doc>Waits until ``text`` appears on the current page.</doc>
<status status="PASS" starttime="20210511 23:33:35.585" endtime="20210511 23:33:35.678"/>
</kw>
<kw name="Click Element" library="SeleniumLibrary">
<arg>xpath://a[contains(text(),'Owners')]/../ul/li[2]/a</arg>
<doc>Click the element identified by ``locator``.</doc>
<msg timestamp="20210511 23:33:35.679" level="INFO">Clicking element 'xpath://a[contains(text(),'Owners')]/../ul/li[2]/a'.</msg>
<status status="PASS" starttime="20210511 23:33:35.678" endtime="20210511 23:33:35.943"/>
</kw>
<kw name="Wait Until Page Contains" library="SeleniumLibrary">
<arg>Owners</arg>
<doc>Waits until ``text`` appears on the current page.</doc>
<status status="PASS" starttime="20210511 23:33:35.943" endtime="20210511 23:33:36.052"/>
</kw>
<kw name="Input Text" library="SeleniumLibrary">
<arg>id=firstName</arg>
<arg>${Firstname}</arg>
<doc>Types the given ``text`` into the text field identified by ``locator``.</doc>
<msg timestamp="20210511 23:33:36.053" level="INFO">Typing text 'Anna' into text field 'id=firstName'.</msg>
<status status="PASS" starttime="20210511 23:33:36.052" endtime="20210511 23:33:36.457"/>
</kw>
<kw name="Input Text" library="SeleniumLibrary">
<arg>id=lastName</arg>
<arg>${Lastname}</arg>
<doc>Types the given ``text`` into the text field identified by ``locator``.</doc>
<msg timestamp="20210511 23:33:36.457" level="INFO">Typing text 'Ramsey' into text field 'id=lastName'.</msg>
<status status="PASS" starttime="20210511 23:33:36.457" endtime="20210511 23:33:36.847"/>
</kw>
<kw name="Input Text" library="SeleniumLibrary">
<arg>id=address</arg>
<arg>${Adress1}</arg>
<doc>Types the given ``text`` into the text field identified by ``locator``.</doc>
<msg timestamp="20210511 23:33:36.848" level="INFO">Typing text 'Zooet' into text field 'id=address'.</msg>
<status status="PASS" starttime="20210511 23:33:36.847" endtime="20210511 23:33:37.221"/>
</kw>
<kw name="Input Text" library="SeleniumLibrary">
<arg>id=city</arg>
<arg>${City1}</arg>
<doc>Types the given ``text`` into the text field identified by ``locator``.</doc>
<msg timestamp="20210511 23:33:37.222" level="INFO">Typing text 'Göteborg' into text field 'id=city'.</msg>
<status status="PASS" starttime="20210511 23:33:37.221" endtime="20210511 23:33:37.593"/>
</kw>
<kw name="Input Text" library="SeleniumLibrary">
<arg>id=telephone</arg>
<arg>${Mobile1}</arg>
<doc>Types the given ``text`` into the text field identified by ``locator``.</doc>
<msg timestamp="20210511 23:33:37.594" level="INFO">Typing text '070234234' into text field 'id=telephone'.</msg>
<status status="PASS" starttime="20210511 23:33:37.593" endtime="20210511 23:33:37.967"/>
</kw>
<kw name="Click Element" library="SeleniumLibrary">
<arg>xpath://div/button[contains(string(), "Add Owner")]</arg>
<doc>Click the element identified by ``locator``.</doc>
<msg timestamp="20210511 23:33:37.968" level="INFO">Clicking element 'xpath://div/button[contains(string(), "Add Owner")]'.</msg>
<status status="PASS" starttime="20210511 23:33:37.967" endtime="20210511 23:33:38.188"/>
</kw>
<status status="PASS" starttime="20210511 23:33:35.368" endtime="20210511 23:33:38.188"/>
</kw>
<kw name="Then a new owner should be created" library="PetclinicKeywords">
<kw name="Click Element" library="SeleniumLibrary">
<arg>xpath://a[contains(text(),'Owners')]</arg>
<doc>Click the element identified by ``locator``.</doc>
<msg timestamp="20210511 23:33:38.191" level="INFO">Clicking element 'xpath://a[contains(text(),'Owners')]'.</msg>
<status status="PASS" starttime="20210511 23:33:38.191" endtime="20210511 23:33:38.529"/>
</kw>
<kw name="Wait Until Page Contains" library="SeleniumLibrary">
<arg>Owners</arg>
<doc>Waits until ``text`` appears on the current page.</doc>
<status status="PASS" starttime="20210511 23:33:38.529" endtime="20210511 23:33:38.622"/>
</kw>
<kw name="Click Element" library="SeleniumLibrary">
<arg>xpath://a/span[contains(text(),'All')]</arg>
<doc>Click the element identified by ``locator``.</doc>
<msg timestamp="20210511 23:33:38.622" level="INFO">Clicking element 'xpath://a/span[contains(text(),'All')]'.</msg>
<status status="PASS" starttime="20210511 23:33:38.622" endtime="20210511 23:33:38.886"/>
</kw>
<kw name="Page Should Contain" library="SeleniumLibrary">
<arg>${Firstname}</arg>
<doc>Verifies that current page contains ``text``.</doc>
<msg timestamp="20210511 23:33:39.059" level="INFO">Current page contains text 'Anna'.</msg>
<status status="PASS" starttime="20210511 23:33:38.886" endtime="20210511 23:33:39.059"/>
</kw>
<status status="PASS" starttime="20210511 23:33:38.190" endtime="20210511 23:33:39.059"/>
</kw>
<kw name="End Web Test" library="PetclinicKeywords" type="TEARDOWN">
<kw name="Close Browser" library="SeleniumLibrary">
<doc>Closes the current browser.</doc>
<status status="PASS" starttime="20210511 23:33:39.062" endtime="20210511 23:33:41.410"/>
</kw>
<status status="PASS" starttime="20210511 23:33:39.061" endtime="20210511 23:33:41.410"/>
</kw>
<doc>Adding a new owner</doc>
<tag>Add</tag>
<status status="PASS" starttime="20210511 23:33:32.719" endtime="20210511 23:33:41.411"/>
</test>
<test id="s1-s1-t2" name="Test to insert variables as name and lasname">
<kw name="Begin WebTest" library="PetclinicKeywords" type="SETUP">
<kw name="Open Browser" library="SeleniumLibrary">
<arg>about:blank</arg>
<arg>${BROWSER}</arg>
<doc>Opens a new browser instance to the optional ``url``.</doc>
<msg timestamp="20210511 23:33:41.416" level="INFO">Opening browser 'chrome' to base url 'about:blank'.</msg>
<status status="PASS" starttime="20210511 23:33:41.415" endtime="20210511 23:33:43.066"/>
</kw>
<kw name="Set Selenium Speed" library="SeleniumLibrary">
<arg>0.07</arg>
<doc>Sets the delay that is waited after each Selenium command.</doc>
<status status="PASS" starttime="20210511 23:33:43.066" endtime="20210511 23:33:43.067"/>
</kw>
<status status="PASS" starttime="20210511 23:33:41.414" endtime="20210511 23:33:43.067"/>
</kw>
<kw name="Given that the user has acces to the web page" library="PetclinicKeywords">
<kw name="Go To Web Page" library="PetclinicKeywords">
<kw name="Load Page" library="PetclinicKeywords">
<kw name="Go To" library="SeleniumLibrary">
<arg>${URL}</arg>
<doc>Navigates the current browser window to the provided ``url``.</doc>
<msg timestamp="20210511 23:33:43.071" level="INFO">Opening url 'http://localhost:4200/'</msg>
<status status="PASS" starttime="20210511 23:33:43.070" endtime="20210511 23:33:43.754"/>
</kw>
<status status="PASS" starttime="20210511 23:33:43.070" endtime="20210511 23:33:43.754"/>
</kw>
<kw name="Verify Page Loaded" library="PetclinicKeywords">
<kw name="Get Text" library="SeleniumLibrary">
<var>${actualTerm}</var>
<arg>xpath:/html/body/app-root/app-welcome/h1</arg>
<doc>Returns the text value of the element identified by ``locator``.</doc>
<msg timestamp="20210511 23:33:43.956" level="INFO">${actualTerm} = Welcome to Petclinic</msg>
<status status="PASS" starttime="20210511 23:33:43.755" endtime="20210511 23:33:43.956"/>
</kw>
<kw name="Should Be Equal" library="BuiltIn">
<arg>${Welcome_Message}</arg>
<arg>${actualTerm}</arg>
<doc>Fails if the given objects are unequal.</doc>
<status status="PASS" starttime="20210511 23:33:43.956" endtime="20210511 23:33:43.957"/>
</kw>
<status status="PASS" starttime="20210511 23:33:43.755" endtime="20210511 23:33:43.957"/>
</kw>
<status status="PASS" starttime="20210511 23:33:43.069" endtime="20210511 23:33:43.958"/>
</kw>
<status status="PASS" starttime="20210511 23:33:43.068" endtime="20210511 23:33:43.958"/>
</kw>
<kw name="When a user creates a new owner with variables instead of letters" library="PetclinicKeywords">
<kw name="Click Element" library="SeleniumLibrary">
<arg>xpath://a[contains(text(),'Owners')]</arg>
<doc>Click the element identified by ``locator``.</doc>
<msg timestamp="20210511 23:33:43.960" level="INFO">Clicking element 'xpath://a[contains(text(),'Owners')]'.</msg>
<status status="PASS" starttime="20210511 23:33:43.960" endtime="20210511 23:33:44.187"/>
</kw>
<kw name="Wait Until Page Contains" library="SeleniumLibrary">
<arg>Owners</arg>
<doc>Waits until ``text`` appears on the current page.</doc>
<status status="PASS" starttime="20210511 23:33:44.187" endtime="20210511 23:33:44.282"/>
</kw>
<kw name="Click Element" library="SeleniumLibrary">
<arg>xpath://a[contains(text(),'Owners')]/../ul/li[2]/a</arg>
<doc>Click the element identified by ``locator``.</doc>
<msg timestamp="20210511 23:33:44.283" level="INFO">Clicking element 'xpath://a[contains(text(),'Owners')]/../ul/li[2]/a'.</msg>
<status status="PASS" starttime="20210511 23:33:44.282" endtime="20210511 23:33:44.532"/>
</kw>
<kw name="Wait Until Page Contains" library="SeleniumLibrary">
<arg>Owners</arg>
<doc>Waits until ``text`` appears on the current page.</doc>
<status status="PASS" starttime="20210511 23:33:44.532" endtime="20210511 23:33:44.624"/>
</kw>
<kw name="Input Text" library="SeleniumLibrary">
<arg>id=firstName</arg>
<arg>${Firstname2}</arg>
<doc>Types the given ``text`` into the text field identified by ``locator``.</doc>
<msg timestamp="20210511 23:33:44.625" level="INFO">Typing text '343434' into text field 'id=firstName'.</msg>
<status status="PASS" starttime="20210511 23:33:44.624" endtime="20210511 23:33:45.013"/>
</kw>
<kw name="Input Text" library="SeleniumLibrary">
<arg>id=lastName</arg>
<arg>${Firstname2}</arg>
<doc>Types the given ``text`` into the text field identified by ``locator``.</doc>
<msg timestamp="20210511 23:33:45.014" level="INFO">Typing text '343434' into text field 'id=lastName'.</msg>
<status status="PASS" starttime="20210511 23:33:45.013" endtime="20210511 23:33:45.388"/>
</kw>
<kw name="Input Text" library="SeleniumLibrary">
<arg>id=address</arg>
<arg>${Adress2}</arg>
<doc>Types the given ``text`` into the text field identified by ``locator``.</doc>
<msg timestamp="20210511 23:33:45.389" level="INFO">Typing text 'Glasvägen 33' into text field 'id=address'.</msg>
<status status="PASS" starttime="20210511 23:33:45.388" endtime="20210511 23:33:45.762"/>
</kw>
<kw name="Input Text" library="SeleniumLibrary">
<arg>id=city</arg>
<arg>${City2}</arg>
<doc>Types the given ``text`` into the text field identified by ``locator``.</doc>
<msg timestamp="20210511 23:33:45.763" level="INFO">Typing text 'Göteborg' into text field 'id=city'.</msg>
<status status="PASS" starttime="20210511 23:33:45.762" endtime="20210511 23:33:46.120"/>
</kw>
<kw name="Input Text" library="SeleniumLibrary">
<arg>id=telephone</arg>
<arg>${Mobile2}</arg>
<doc>Types the given ``text`` into the text field identified by ``locator``.</doc>
<msg timestamp="20210511 23:33:46.121" level="INFO">Typing text '0702342343' into text field 'id=telephone'.</msg>
<status status="PASS" starttime="20210511 23:33:46.121" endtime="20210511 23:33:46.496"/>
</kw>
<kw name="Click Element" library="SeleniumLibrary">
<arg>xpath://div/button[contains(string(), "Add Owner")]</arg>
<doc>Click the element identified by ``locator``.</doc>
<msg timestamp="20210511 23:33:46.497" level="INFO">Clicking element 'xpath://div/button[contains(string(), "Add Owner")]'.</msg>
<status status="PASS" starttime="20210511 23:33:46.496" endtime="20210511 23:33:46.730"/>
</kw>
<status status="PASS" starttime="20210511 23:33:43.959" endtime="20210511 23:33:46.730"/>
</kw>
<kw name="Then a new owner should be added to the list" library="PetclinicKeywords">
<kw name="Click Element" library="SeleniumLibrary">
<arg>xpath://a[contains(text(),'Owners')]</arg>
<doc>Click the element identified by ``locator``.</doc>
<msg timestamp="20210511 23:33:46.733" level="INFO">Clicking element 'xpath://a[contains(text(),'Owners')]'.</msg>
<status status="PASS" starttime="20210511 23:33:46.732" endtime="20210511 23:33:46.931"/>
</kw>
<kw name="Wait Until Page Contains" library="SeleniumLibrary">
<arg>Owners</arg>
<doc>Waits until ``text`` appears on the current page.</doc>
<status status="PASS" starttime="20210511 23:33:46.932" endtime="20210511 23:33:47.024"/>
</kw>
<kw name="Click Element" library="SeleniumLibrary">
<arg>xpath://a/span[contains(text(),'All')]</arg>
<doc>Click the element identified by ``locator``.</doc>
<msg timestamp="20210511 23:33:47.025" level="INFO">Clicking element 'xpath://a/span[contains(text(),'All')]'.</msg>
<status status="PASS" starttime="20210511 23:33:47.024" endtime="20210511 23:33:47.243"/>
</kw>
<kw name="Wait Until Page Contains" library="SeleniumLibrary">
<arg>All</arg>
<doc>Waits until ``text`` appears on the current page.</doc>
<status status="PASS" starttime="20210511 23:33:47.244" endtime="20210511 23:33:47.339"/>
</kw>
<kw name="Page Should Contain" library="SeleniumLibrary">
<arg>${Firstname2}</arg>
<doc>Verifies that current page contains ``text``.</doc>
<msg timestamp="20210511 23:33:47.509" level="INFO">Current page contains text '343434'.</msg>
<status status="PASS" starttime="20210511 23:33:47.339" endtime="20210511 23:33:47.509"/>
</kw>
<status status="PASS" starttime="20210511 23:33:46.731" endtime="20210511 23:33:47.510"/>
</kw>
<kw name="End Web Test" library="PetclinicKeywords" type="TEARDOWN">
<kw name="Close Browser" library="SeleniumLibrary">
<doc>Closes the current browser.</doc>
<status status="PASS" starttime="20210511 23:33:47.511" endtime="20210511 23:33:49.924"/>
</kw>
<status status="PASS" starttime="20210511 23:33:47.511" endtime="20210511 23:33:49.924"/>
</kw>
<doc>Variables as input for name/lastname</doc>
<tag>Test 2 Variables for input text</tag>
<status status="PASS" starttime="20210511 23:33:41.413" endtime="20210511 23:33:49.925"/>
</test>
<test id="s1-s1-t3" name="Test to add a owner that already exist">
<kw name="Begin WebTest" library="PetclinicKeywords" type="SETUP">
<kw name="Open Browser" library="SeleniumLibrary">
<arg>about:blank</arg>
<arg>${BROWSER}</arg>
<doc>Opens a new browser instance to the optional ``url``.</doc>
<msg timestamp="20210511 23:33:49.930" level="INFO">Opening browser 'chrome' to base url 'about:blank'.</msg>
<status status="PASS" starttime="20210511 23:33:49.929" endtime="20210511 23:33:51.602"/>
</kw>
<kw name="Set Selenium Speed" library="SeleniumLibrary">
<arg>0.07</arg>
<doc>Sets the delay that is waited after each Selenium command.</doc>
<status status="PASS" starttime="20210511 23:33:51.602" endtime="20210511 23:33:51.603"/>
</kw>
<status status="PASS" starttime="20210511 23:33:49.928" endtime="20210511 23:33:51.604"/>
</kw>
<kw name="Given user is on the landing page" library="PetclinicKeywords">
<kw name="Go To Web Page" library="PetclinicKeywords">
<kw name="Load Page" library="PetclinicKeywords">
<kw name="Go To" library="SeleniumLibrary">
<arg>${URL}</arg>
<doc>Navigates the current browser window to the provided ``url``.</doc>
<msg timestamp="20210511 23:33:51.608" level="INFO">Opening url 'http://localhost:4200/'</msg>
<status status="PASS" starttime="20210511 23:33:51.607" endtime="20210511 23:33:52.306"/>
</kw>
<status status="PASS" starttime="20210511 23:33:51.606" endtime="20210511 23:33:52.306"/>
</kw>
<kw name="Verify Page Loaded" library="PetclinicKeywords">
<kw name="Get Text" library="SeleniumLibrary">
<var>${actualTerm}</var>
<arg>xpath:/html/body/app-root/app-welcome/h1</arg>
<doc>Returns the text value of the element identified by ``locator``.</doc>
<msg timestamp="20210511 23:33:52.510" level="INFO">${actualTerm} = Welcome to Petclinic</msg>
<status status="PASS" starttime="20210511 23:33:52.307" endtime="20210511 23:33:52.510"/>
</kw>
<kw name="Should Be Equal" library="BuiltIn">
<arg>${Welcome_Message}</arg>
<arg>${actualTerm}</arg>
<doc>Fails if the given objects are unequal.</doc>
<status status="PASS" starttime="20210511 23:33:52.510" endtime="20210511 23:33:52.511"/>
</kw>
<status status="PASS" starttime="20210511 23:33:52.307" endtime="20210511 23:33:52.511"/>
</kw>
<status status="PASS" starttime="20210511 23:33:51.606" endtime="20210511 23:33:52.511"/>
</kw>
<status status="PASS" starttime="20210511 23:33:51.605" endtime="20210511 23:33:52.511"/>
</kw>
<kw name="When the user Creates a new owner" library="PetclinicKeywords">
<kw name="Click Element" library="SeleniumLibrary">
<arg>xpath://a[contains(text(),'Owners')]</arg>
<doc>Click the element identified by ``locator``.</doc>
<msg timestamp="20210511 23:33:52.513" level="INFO">Clicking element 'xpath://a[contains(text(),'Owners')]'.</msg>
<status status="PASS" starttime="20210511 23:33:52.513" endtime="20210511 23:33:52.729"/>
</kw>
<kw name="Wait Until Page Contains" library="SeleniumLibrary">
<arg>Owners</arg>
<doc>Waits until ``text`` appears on the current page.</doc>
<status status="PASS" starttime="20210511 23:33:52.729" endtime="20210511 23:33:52.822"/>
</kw>
<kw name="Click Element" library="SeleniumLibrary">
<arg>xpath://a[contains(text(),'Owners')]/../ul/li[2]/a</arg>
<doc>Click the element identified by ``locator``.</doc>
<msg timestamp="20210511 23:33:52.822" level="INFO">Clicking element 'xpath://a[contains(text(),'Owners')]/../ul/li[2]/a'.</msg>
<status status="PASS" starttime="20210511 23:33:52.822" endtime="20210511 23:33:53.069"/>
</kw>
<kw name="Wait Until Page Contains" library="SeleniumLibrary">
<arg>Owners</arg>
<doc>Waits until ``text`` appears on the current page.</doc>
<status status="PASS" starttime="20210511 23:33:53.069" endtime="20210511 23:33:53.163"/>
</kw>
<status status="PASS" starttime="20210511 23:33:52.512" endtime="20210511 23:33:53.163"/>
</kw>
<kw name="And put already existing personal data" library="PetclinicKeywords">
<kw name="Input Text" library="SeleniumLibrary">
<arg>id=firstName</arg>
<arg>${Firstname}</arg>
<doc>Types the given ``text`` into the text field identified by ``locator``.</doc>
<msg timestamp="20210511 23:33:53.165" level="INFO">Typing text 'Anna' into text field 'id=firstName'.</msg>
<status status="PASS" starttime="20210511 23:33:53.165" endtime="20210511 23:33:53.537"/>
</kw>
<kw name="Input Text" library="SeleniumLibrary">
<arg>id=lastName</arg>
<arg>${Lastname}</arg>
<doc>Types the given ``text`` into the text field identified by ``locator``.</doc>
<msg timestamp="20210511 23:33:53.538" level="INFO">Typing text 'Ramsey' into text field 'id=lastName'.</msg>
<status status="PASS" starttime="20210511 23:33:53.537" endtime="20210511 23:33:53.925"/>
</kw>
<kw name="Input Text" library="SeleniumLibrary">
<arg>id=address</arg>
<arg>${Adress1}</arg>
<doc>Types the given ``text`` into the text field identified by ``locator``.</doc>
<msg timestamp="20210511 23:33:53.926" level="INFO">Typing text 'Zooet' into text field 'id=address'.</msg>
<status status="PASS" starttime="20210511 23:33:53.926" endtime="20210511 23:33:54.270"/>
</kw>
<kw name="Input Text" library="SeleniumLibrary">
<arg>id=city</arg>
<arg>${City1}</arg>
<doc>Types the given ``text`` into the text field identified by ``locator``.</doc>
<msg timestamp="20210511 23:33:54.271" level="INFO">Typing text 'Göteborg' into text field 'id=city'.</msg>
<status status="PASS" starttime="20210511 23:33:54.270" endtime="20210511 23:33:54.643"/>
</kw>
<kw name="Input Text" library="SeleniumLibrary">
<arg>id=telephone</arg>
<arg>${Mobile1}</arg>
<doc>Types the given ``text`` into the text field identified by ``locator``.</doc>
<msg timestamp="20210511 23:33:54.644" level="INFO">Typing text '070234234' into text field 'id=telephone'.</msg>
<status status="PASS" starttime="20210511 23:33:54.643" endtime="20210511 23:33:55.014"/>
</kw>
<kw name="Click Element" library="SeleniumLibrary">
<arg>xpath://div/button[contains(string(), "Add Owner")]</arg>
<doc>Click the element identified by ``locator``.</doc>
<msg timestamp="20210511 23:33:55.015" level="INFO">Clicking element 'xpath://div/button[contains(string(), "Add Owner")]'.</msg>
<status status="PASS" starttime="20210511 23:33:55.015" endtime="20210511 23:33:55.231"/>
</kw>
<status status="PASS" starttime="20210511 23:33:53.164" endtime="20210511 23:33:55.232"/>
</kw>
<kw name="Then a duplicate of the owner should be added" library="PetclinicKeywords">
<kw name="Click Element" library="SeleniumLibrary">
<arg>xpath://a[contains(text(),'Owners')]</arg>
<doc>Click the element identified by ``locator``.</doc>
<msg timestamp="20210511 23:33:55.240" level="INFO">Clicking element 'xpath://a[contains(text(),'Owners')]'.</msg>
<status status="PASS" starttime="20210511 23:33:55.236" endtime="20210511 23:33:55.466"/>
</kw>
<kw name="Wait Until Page Contains" library="SeleniumLibrary">
<arg>Owners</arg>
<doc>Waits until ``text`` appears on the current page.</doc>
<status status="PASS" starttime="20210511 23:33:55.466" endtime="20210511 23:33:55.560"/>
</kw>
<kw name="Click Element" library="SeleniumLibrary">
<arg>xpath://a/span[contains(text(),'All')]</arg>
<doc>Click the element identified by ``locator``.</doc>
<msg timestamp="20210511 23:33:55.561" level="INFO">Clicking element 'xpath://a/span[contains(text(),'All')]'.</msg>
<status status="PASS" starttime="20210511 23:33:55.560" endtime="20210511 23:33:55.777"/>
</kw>
<kw name="Page Should Contain" library="SeleniumLibrary">
<arg>${Firstname}</arg>
<doc>Verifies that current page contains ``text``.</doc>
<msg timestamp="20210511 23:33:55.949" level="INFO">Current page contains text 'Anna'.</msg>
<status status="PASS" starttime="20210511 23:33:55.777" endtime="20210511 23:33:55.949"/>
</kw>
<status status="PASS" starttime="20210511 23:33:55.235" endtime="20210511 23:33:55.949"/>
</kw>
<kw name="End Web Test" library="PetclinicKeywords" type="TEARDOWN">
<kw name="Close Browser" library="SeleniumLibrary">
<doc>Closes the current browser.</doc>
<status status="PASS" starttime="20210511 23:33:55.951" endtime="20210511 23:33:58.273"/>
</kw>
<status status="PASS" starttime="20210511 23:33:55.950" endtime="20210511 23:33:58.273"/>
</kw>
<doc>Adding already existing owner</doc>
<tag>Test 3 Add same owner</tag>
<status status="PASS" starttime="20210511 23:33:49.927" endtime="20210511 23:33:58.273"/>
</test>
<test id="s1-s1-t4" name="Test to add owner with special signs">
<kw name="Begin WebTest" library="PetclinicKeywords" type="SETUP">
<kw name="Open Browser" library="SeleniumLibrary">
<arg>about:blank</arg>
<arg>${BROWSER}</arg>
<doc>Opens a new browser instance to the optional ``url``.</doc>
<msg timestamp="20210511 23:33:58.279" level="INFO">Opening browser 'chrome' to base url 'about:blank'.</msg>
<status status="PASS" starttime="20210511 23:33:58.278" endtime="20210511 23:34:00.118"/>
</kw>
<kw name="Set Selenium Speed" library="SeleniumLibrary">
<arg>0.07</arg>
<doc>Sets the delay that is waited after each Selenium command.</doc>
<status status="PASS" starttime="20210511 23:34:00.118" endtime="20210511 23:34:00.118"/>
</kw>
<status status="PASS" starttime="20210511 23:33:58.277" endtime="20210511 23:34:00.119"/>
</kw>
<kw name="Given user is located on landing page" library="PetclinicKeywords">
<kw name="Go To Web Page" library="PetclinicKeywords">
<kw name="Load Page" library="PetclinicKeywords">
<kw name="Go To" library="SeleniumLibrary">
<arg>${URL}</arg>
<doc>Navigates the current browser window to the provided ``url``.</doc>
<msg timestamp="20210511 23:34:00.152" level="INFO">Opening url 'http://localhost:4200/'</msg>
<status status="PASS" starttime="20210511 23:34:00.152" endtime="20210511 23:34:01.577"/>
</kw>
<status status="PASS" starttime="20210511 23:34:00.151" endtime="20210511 23:34:01.577"/>
</kw>
<kw name="Verify Page Loaded" library="PetclinicKeywords">
<kw name="Get Text" library="SeleniumLibrary">
<var>${actualTerm}</var>
<arg>xpath:/html/body/app-root/app-welcome/h1</arg>
<doc>Returns the text value of the element identified by ``locator``.</doc>
<msg timestamp="20210511 23:34:02.036" level="INFO">${actualTerm} = Welcome to Petclinic</msg>
<status status="PASS" starttime="20210511 23:34:01.578" endtime="20210511 23:34:02.036"/>
</kw>
<kw name="Should Be Equal" library="BuiltIn">
<arg>${Welcome_Message}</arg>
<arg>${actualTerm}</arg>
<doc>Fails if the given objects are unequal.</doc>
<status status="PASS" starttime="20210511 23:34:02.036" endtime="20210511 23:34:02.037"/>
</kw>
<status status="PASS" starttime="20210511 23:34:01.577" endtime="20210511 23:34:02.037"/>
</kw>
<status status="PASS" starttime="20210511 23:34:00.150" endtime="20210511 23:34:02.037"/>
</kw>
<status status="PASS" starttime="20210511 23:34:00.149" endtime="20210511 23:34:02.038"/>
</kw>
<kw name="When the user creates new owner" library="PetclinicKeywords">
<kw name="Click Element" library="SeleniumLibrary">
<arg>xpath://a[contains(text(),'Owners')]</arg>
<doc>Click the element identified by ``locator``.</doc>
<msg timestamp="20210511 23:34:02.136" level="INFO">Clicking element 'xpath://a[contains(text(),'Owners')]'.</msg>
<status status="PASS" starttime="20210511 23:34:02.136" endtime="20210511 23:34:02.788"/>
</kw>
<kw name="Wait Until Page Contains" library="SeleniumLibrary">
<arg>Owners</arg>
<doc>Waits until ``text`` appears on the current page.</doc>
<status status="PASS" starttime="20210511 23:34:02.788" endtime="20210511 23:34:03.039"/>
</kw>
<kw name="Click Element" library="SeleniumLibrary">
<arg>xpath://a[contains(text(),'Owners')]/../ul/li[2]/a</arg>
<doc>Click the element identified by ``locator``.</doc>
<msg timestamp="20210511 23:34:03.039" level="INFO">Clicking element 'xpath://a[contains(text(),'Owners')]/../ul/li[2]/a'.</msg>
<status status="PASS" starttime="20210511 23:34:03.039" endtime="20210511 23:34:03.698"/>
</kw>
<kw name="Wait Until Page Contains" library="SeleniumLibrary">
<arg>Owners</arg>
<doc>Waits until ``text`` appears on the current page.</doc>
<status status="PASS" starttime="20210511 23:34:03.698" endtime="20210511 23:34:03.887"/>
</kw>
<status status="PASS" starttime="20210511 23:34:02.135" endtime="20210511 23:34:03.887"/>
</kw>
<kw name="And use special signs for input in name field" library="PetclinicKeywords">
<kw name="Click Element" library="SeleniumLibrary">
<arg>xpath://a[contains(text(),'Owners')]</arg>
<doc>Click the element identified by ``locator``.</doc>
<msg timestamp="20210511 23:34:03.896" level="INFO">Clicking element 'xpath://a[contains(text(),'Owners')]'.</msg>
<status status="PASS" starttime="20210511 23:34:03.895" endtime="20210511 23:34:04.088"/>
</kw>
<kw name="Wait Until Page Contains" library="SeleniumLibrary">
<arg>Owners</arg>
<doc>Waits until ``text`` appears on the current page.</doc>
<status status="PASS" starttime="20210511 23:34:04.088" endtime="20210511 23:34:04.182"/>
</kw>
<kw name="Click Element" library="SeleniumLibrary">
<arg>xpath://a[contains(text(),'Owners')]/../ul/li[2]/a</arg>
<doc>Click the element identified by ``locator``.</doc>
<msg timestamp="20210511 23:34:04.182" level="INFO">Clicking element 'xpath://a[contains(text(),'Owners')]/../ul/li[2]/a'.</msg>
<status status="PASS" starttime="20210511 23:34:04.182" endtime="20210511 23:34:04.385"/>
</kw>
<kw name="Wait Until Page Contains" library="SeleniumLibrary">
<arg>Owners</arg>
<doc>Waits until ``text`` appears on the current page.</doc>
<status status="PASS" starttime="20210511 23:34:04.385" endtime="20210511 23:34:04.479"/>
</kw>
<kw name="Input Text" library="SeleniumLibrary">
<arg>id=firstName</arg>
<arg>${Firstname3}</arg>
<doc>Types the given ``text`` into the text field identified by ``locator``.</doc>
<msg timestamp="20210511 23:34:04.481" level="INFO">Typing text '&gt;Matt#&lt;' into text field 'id=firstName'.</msg>
<status status="PASS" starttime="20210511 23:34:04.480" endtime="20210511 23:34:04.856"/>
</kw>
<kw name="Input Text" library="SeleniumLibrary">
<arg>id=lastName</arg>
<arg>${Lastname3}</arg>
<doc>Types the given ``text`` into the text field identified by ``locator``.</doc>
<msg timestamp="20210511 23:34:04.856" level="INFO">Typing text 'Uber!' into text field 'id=lastName'.</msg>
<status status="PASS" starttime="20210511 23:34:04.856" endtime="20210511 23:34:05.229"/>
</kw>
<kw name="Input Text" library="SeleniumLibrary">
<arg>id=address</arg>
<arg>${Adress2}</arg>
<doc>Types the given ``text`` into the text field identified by ``locator``.</doc>
<msg timestamp="20210511 23:34:05.231" level="INFO">Typing text 'Glasvägen 33' into text field 'id=address'.</msg>
<status status="PASS" starttime="20210511 23:34:05.230" endtime="20210511 23:34:05.602"/>
</kw>
<kw name="Input Text" library="SeleniumLibrary">
<arg>id=city</arg>
<arg>${City2}</arg>
<doc>Types the given ``text`` into the text field identified by ``locator``.</doc>
<msg timestamp="20210511 23:34:05.603" level="INFO">Typing text 'Göteborg' into text field 'id=city'.</msg>
<status status="PASS" starttime="20210511 23:34:05.602" endtime="20210511 23:34:05.945"/>
</kw>
<kw name="Input Text" library="SeleniumLibrary">
<arg>id=telephone</arg>
<arg>${Mobile2}</arg>
<doc>Types the given ``text`` into the text field identified by ``locator``.</doc>
<msg timestamp="20210511 23:34:05.946" level="INFO">Typing text '0702342343' into text field 'id=telephone'.</msg>
<status status="PASS" starttime="20210511 23:34:05.945" endtime="20210511 23:34:06.316"/>
</kw>
<kw name="Click Element" library="SeleniumLibrary">
<arg>xpath://div/button[contains(string(), "Add Owner")]</arg>
<doc>Click the element identified by ``locator``.</doc>
<msg timestamp="20210511 23:34:06.316" level="INFO">Clicking element 'xpath://div/button[contains(string(), "Add Owner")]'.</msg>
<status status="PASS" starttime="20210511 23:34:06.316" endtime="20210511 23:34:06.551"/>
</kw>
<status status="PASS" starttime="20210511 23:34:03.895" endtime="20210511 23:34:06.552"/>
</kw>
<kw name="Then the new owner should be created" library="PetclinicKeywords">
<kw name="Click Element" library="SeleniumLibrary">
<arg>xpath://a[contains(text(),'Owners')]</arg>
<doc>Click the element identified by ``locator``.</doc>
<msg timestamp="20210511 23:34:06.554" level="INFO">Clicking element 'xpath://a[contains(text(),'Owners')]'.</msg>
<status status="PASS" starttime="20210511 23:34:06.553" endtime="20210511 23:34:06.754"/>
</kw>
<kw name="Wait Until Page Contains" library="SeleniumLibrary">
<arg>Owners</arg>
<doc>Waits until ``text`` appears on the current page.</doc>
<status status="PASS" starttime="20210511 23:34:06.754" endtime="20210511 23:34:06.848"/>
</kw>
<kw name="Click Element" library="SeleniumLibrary">
<arg>xpath://a/span[contains(text(),'All')]</arg>
<doc>Click the element identified by ``locator``.</doc>
<msg timestamp="20210511 23:34:06.848" level="INFO">Clicking element 'xpath://a/span[contains(text(),'All')]'.</msg>
<status status="PASS" starttime="20210511 23:34:06.848" endtime="20210511 23:34:07.067"/>
</kw>
<kw name="Wait Until Page Contains" library="SeleniumLibrary">
<arg>All</arg>
<doc>Waits until ``text`` appears on the current page.</doc>
<status status="PASS" starttime="20210511 23:34:07.067" endtime="20210511 23:34:07.160"/>
</kw>
<kw name="Page Should Contain" library="SeleniumLibrary">
<arg>${Firstname3}</arg>
<doc>Verifies that current page contains ``text``.</doc>
<msg timestamp="20210511 23:34:07.331" level="INFO">Current page contains text '&gt;Matt#&lt;'.</msg>
<status status="PASS" starttime="20210511 23:34:07.161" endtime="20210511 23:34:07.331"/>
</kw>
<status status="PASS" starttime="20210511 23:34:06.552" endtime="20210511 23:34:07.332"/>
</kw>
<kw name="End Web Test" library="PetclinicKeywords" type="TEARDOWN">
<kw name="Close Browser" library="SeleniumLibrary">
<doc>Closes the current browser.</doc>
<status status="PASS" starttime="20210511 23:34:07.334" endtime="20210511 23:34:09.649"/>
</kw>
<status status="PASS" starttime="20210511 23:34:07.333" endtime="20210511 23:34:09.649"/>
</kw>
<doc>input with special signs</doc>
<tag>Test 4 special signs</tag>
<status status="PASS" starttime="20210511 23:33:58.276" endtime="20210511 23:34:09.650"/>
</test>
<doc>Testar Selenium och RobotFramework</doc>
<status status="PASS" starttime="20210511 23:33:32.334" endtime="20210511 23:34:09.653"/>
</suite>
<suite id="s1-s2" name="PetClinicAddPet" source="C:\Users\isaco\OneDrive\Dokument\spring-petclinic-angular-and-rest-master-main\spring-petclinic-angular\Robotframework\Tests\PetClinicAddPet.robot">
<test id="s1-s2-t1" name="Adding a new pet to A Owner">
<kw name="Begin WebTest" library="PetclinicKeywords" type="SETUP">
<kw name="Open Browser" library="SeleniumLibrary">
<arg>about:blank</arg>
<arg>${BROWSER}</arg>
<doc>Opens a new browser instance to the optional ``url``.</doc>
<msg timestamp="20210511 23:34:09.678" level="INFO">Opening browser 'chrome' to base url 'about:blank'.</msg>
<status status="PASS" starttime="20210511 23:34:09.677" endtime="20210511 23:34:11.292"/>
</kw>
<kw name="Set Selenium Speed" library="SeleniumLibrary">
<arg>0.07</arg>
<doc>Sets the delay that is waited after each Selenium command.</doc>
<status status="PASS" starttime="20210511 23:34:11.292" endtime="20210511 23:34:11.293"/>
</kw>
<status status="PASS" starttime="20210511 23:34:09.676" endtime="20210511 23:34:11.293"/>
</kw>
<kw name="Given Go To Web Page" library="PetclinicKeywords">
<kw name="Load Page" library="PetclinicKeywords">
<kw name="Go To" library="SeleniumLibrary">
<arg>${URL}</arg>
<doc>Navigates the current browser window to the provided ``url``.</doc>
<msg timestamp="20210511 23:34:11.296" level="INFO">Opening url 'http://localhost:4200/'</msg>
<status status="PASS" starttime="20210511 23:34:11.296" endtime="20210511 23:34:11.952"/>
</kw>
<status status="PASS" starttime="20210511 23:34:11.295" endtime="20210511 23:34:11.952"/>
</kw>
<kw name="Verify Page Loaded" library="PetclinicKeywords">
<kw name="Get Text" library="SeleniumLibrary">
<var>${actualTerm}</var>
<arg>xpath:/html/body/app-root/app-welcome/h1</arg>
<doc>Returns the text value of the element identified by ``locator``.</doc>
<msg timestamp="20210511 23:34:12.154" level="INFO">${actualTerm} = Welcome to Petclinic</msg>
<status status="PASS" starttime="20210511 23:34:11.953" endtime="20210511 23:34:12.154"/>
</kw>
<kw name="Should Be Equal" library="BuiltIn">
<arg>${Welcome_Message}</arg>
<arg>${actualTerm}</arg>
<doc>Fails if the given objects are unequal.</doc>
<status status="PASS" starttime="20210511 23:34:12.154" endtime="20210511 23:34:12.155"/>
</kw>
<status status="PASS" starttime="20210511 23:34:11.952" endtime="20210511 23:34:12.155"/>
</kw>
<status status="PASS" starttime="20210511 23:34:11.294" endtime="20210511 23:34:12.155"/>
</kw>
<kw name="When All Owners" library="PetclinicKeywords">
<kw name="Click Element" library="SeleniumLibrary">
<arg>xpath:/html/body/app-root/div[1]/nav/div/ul/li[2]/a</arg>
<doc>Click the element identified by ``locator``.</doc>
<msg timestamp="20210511 23:34:12.157" level="INFO">Clicking element 'xpath:/html/body/app-root/div[1]/nav/div/ul/li[2]/a'.</msg>
<status status="PASS" starttime="20210511 23:34:12.157" endtime="20210511 23:34:12.386"/>
</kw>
<kw name="Click Element" library="SeleniumLibrary">
<arg>xpath:/html/body/app-root/div[1]/nav/div/ul/li[2]/ul/li[1]/a</arg>
<doc>Click the element identified by ``locator``.</doc>
<msg timestamp="20210511 23:34:12.386" level="INFO">Clicking element 'xpath:/html/body/app-root/div[1]/nav/div/ul/li[2]/ul/li[1]/a'.</msg>
<status status="PASS" starttime="20210511 23:34:12.386" endtime="20210511 23:34:12.633"/>
</kw>
<status status="PASS" starttime="20210511 23:34:12.156" endtime="20210511 23:34:12.633"/>
</kw>
<kw name="And Select A Owner From The List" library="PetclinicKeywords">
<kw name="Click Element" library="SeleniumLibrary">
<arg>xpath:/html/body/app-root/app-owner-list/div/div/div/table/tbody/tr[9]/td[1]/a</arg>
<doc>Click the element identified by ``locator``.</doc>
<msg timestamp="20210511 23:34:12.635" level="INFO">Clicking element 'xpath:/html/body/app-root/app-owner-list/div/div/div/table/tbody/tr[9]/td[1]/a'.</msg>
<status status="PASS" starttime="20210511 23:34:12.634" endtime="20210511 23:34:12.880"/>
</kw>
<status status="PASS" starttime="20210511 23:34:12.634" endtime="20210511 23:34:12.880"/>
</kw>
<kw name="And Add New Pet" library="PetclinicKeywords">
<kw name="Click Element" library="SeleniumLibrary">
<arg>xpath:/html/body/app-root/app-owner-detail/div/div/button[3]</arg>
<doc>Click the element identified by ``locator``.</doc>
<msg timestamp="20210511 23:34:12.882" level="INFO">Clicking element 'xpath:/html/body/app-root/app-owner-detail/div/div/button[3]'.</msg>
<status status="PASS" starttime="20210511 23:34:12.882" endtime="20210511 23:34:13.178"/>
</kw>
<status status="PASS" starttime="20210511 23:34:12.881" endtime="20210511 23:34:13.179"/>
</kw>
<kw name="And Input New Pet Detalis" library="PetclinicKeywords">
<kw name="Click Element" library="SeleniumLibrary">
<arg>id=name</arg>
<doc>Click the element identified by ``locator``.</doc>
<msg timestamp="20210511 23:34:13.184" level="INFO">Clicking element 'id=name'.</msg>
<status status="PASS" starttime="20210511 23:34:13.183" endtime="20210511 23:34:13.443"/>
</kw>
<status status="PASS" starttime="20210511 23:34:13.182" endtime="20210511 23:34:13.444"/>
</kw>
<kw name="And Pet Details" library="PetclinicKeywords">
<arg>${Give_New_PetName_1}</arg>
<arg>${NewPet_BirthDate}</arg>
<kw name="Name" library="PetclinicKeywords">
<arg>${Pet_Name}</arg>
<kw name="Input Text" library="SeleniumLibrary">
<arg>id=name</arg>
<arg>${Pet_Name}</arg>
<doc>Types the given ``text`` into the text field identified by ``locator``.</doc>
<msg timestamp="20210511 23:34:13.450" level="INFO">Typing text 'Venus' into text field 'id=name'.</msg>
<status status="PASS" starttime="20210511 23:34:13.450" endtime="20210511 23:34:13.769"/>
</kw>
<status status="PASS" starttime="20210511 23:34:13.449" endtime="20210511 23:34:13.769"/>
</kw>
<kw name="Birth Date" library="PetclinicKeywords">
<arg>${Birth_Date}</arg>
<kw name="Input Text" library="SeleniumLibrary">
<arg>xpath:/html/body/app-root/app-pet-add/div/div/form/div[4]/div/input</arg>
<arg>${Birth_Date}</arg>
<doc>Types the given ``text`` into the text field identified by ``locator``.</doc>
<msg timestamp="20210511 23:34:13.771" level="INFO">Typing text '2021/04/19' into text field 'xpath:/html/body/app-root/app-pet-add/div/div/form/div[4]/div/input'.</msg>
<status status="PASS" starttime="20210511 23:34:13.770" endtime="20210511 23:34:14.129"/>
</kw>
<status status="PASS" starttime="20210511 23:34:13.770" endtime="20210511 23:34:14.129"/>
</kw>
<kw name="Click Element" library="SeleniumLibrary">
<arg>id=type</arg>
<doc>Click the element identified by ``locator``.</doc>
<msg timestamp="20210511 23:34:14.130" level="INFO">Clicking element 'id=type'.</msg>
<status status="PASS" starttime="20210511 23:34:14.130" endtime="20210511 23:34:14.378"/>
</kw>
<kw name="Click Element" library="SeleniumLibrary">
<arg>xpath://*[@id="type"]/option[2]</arg>
<doc>Click the element identified by ``locator``.</doc>
<msg timestamp="20210511 23:34:14.379" level="INFO">Clicking element 'xpath://*[@id="type"]/option[2]'.</msg>
<status status="PASS" starttime="20210511 23:34:14.379" endtime="20210511 23:34:14.582"/>
</kw>
<kw name="Click Element" library="SeleniumLibrary">
<arg>xpath:/html/body/app-root/app-pet-add/div/div/form/div[6]/div/button[2]</arg>
<doc>Click the element identified by ``locator``.</doc>
<msg timestamp="20210511 23:34:14.582" level="INFO">Clicking element 'xpath:/html/body/app-root/app-pet-add/div/div/form/div[6]/div/button[2]'.</msg>
<status status="PASS" starttime="20210511 23:34:14.582" endtime="20210511 23:34:14.814"/>
</kw>
<kw name="Set Selenium Speed" library="SeleniumLibrary">
<arg>.5</arg>
<doc>Sets the delay that is waited after each Selenium command.</doc>
<status status="PASS" starttime="20210511 23:34:14.815" endtime="20210511 23:34:14.816"/>
</kw>
<status status="PASS" starttime="20210511 23:34:13.448" endtime="20210511 23:34:14.817"/>
</kw>
<kw name="Then Verify Pet Adedd To owner" library="PetclinicKeywords">
<kw name="Get Text" library="SeleniumLibrary">
<var>${pet_added}</var>
<arg>xpath:/html/body/app-root/app-owner-detail/div/div/table[2]/tr/app-pet-list[2]/table/tr/td[1]/dl/dd[1]</arg>
<doc>Returns the text value of the element identified by ``locator``.</doc>
<msg timestamp="20210511 23:34:15.905" level="INFO">${pet_added} = Venus</msg>
<status status="PASS" starttime="20210511 23:34:14.874" endtime="20210511 23:34:15.905"/>
</kw>
<kw name="Should Contain" library="BuiltIn">
<arg>${Verify_Pet_Added_1}</arg>
<arg>${pet_added}</arg>
<doc>Fails if ``container`` does not contain ``item`` one or more times.</doc>
<status status="PASS" starttime="20210511 23:34:15.905" endtime="20210511 23:34:15.906"/>
</kw>
<kw name="Delete Pet After Verifying" library="PetclinicKeywords">
<kw name="Click Element" library="SeleniumLibrary">
<arg>xpath:/html/body/app-root/app-owner-detail/div/div/table[2]/tr/app-pet-list[2]/table/tr/td[1]/dl/button[2]</arg>
<doc>Click the element identified by ``locator``.</doc>
<msg timestamp="20210511 23:34:15.906" level="INFO">Clicking element 'xpath:/html/body/app-root/app-owner-detail/div/div/table[2]/tr/app-pet-list[2]/table/tr/td[1]/dl/button[2]'.</msg>
<status status="PASS" starttime="20210511 23:34:15.906" endtime="20210511 23:34:16.985"/>
</kw>
<status status="PASS" starttime="20210511 23:34:15.906" endtime="20210511 23:34:16.985"/>
</kw>
<status status="PASS" starttime="20210511 23:34:14.872" endtime="20210511 23:34:16.985"/>
</kw>
<kw name="End Web Test" library="PetclinicKeywords" type="TEARDOWN">
<kw name="Close Browser" library="SeleniumLibrary">
<doc>Closes the current browser.</doc>
<status status="PASS" starttime="20210511 23:34:16.987" endtime="20210511 23:34:19.704"/>
</kw>
<status status="PASS" starttime="20210511 23:34:16.986" endtime="20210511 23:34:19.704"/>
</kw>
<doc>Testing adding a newpet and verifying</doc>
<tag>Testing adding a newpet and verifying</tag>
<status status="PASS" starttime="20210511 23:34:09.675" endtime="20210511 23:34:19.705"/>
</test>
<test id="s1-s2-t2" name="Adding A New Pet To The Owner And verifying With Diffrent Owner">
<kw name="Begin WebTest" library="PetclinicKeywords" type="SETUP">
<kw name="Open Browser" library="SeleniumLibrary">
<arg>about:blank</arg>
<arg>${BROWSER}</arg>
<doc>Opens a new browser instance to the optional ``url``.</doc>
<msg timestamp="20210511 23:34:19.710" level="INFO">Opening browser 'chrome' to base url 'about:blank'.</msg>
<status status="PASS" starttime="20210511 23:34:19.709" endtime="20210511 23:34:21.732"/>
</kw>
<kw name="Set Selenium Speed" library="SeleniumLibrary">
<arg>0.07</arg>
<doc>Sets the delay that is waited after each Selenium command.</doc>
<status status="PASS" starttime="20210511 23:34:21.732" endtime="20210511 23:34:21.733"/>
</kw>
<status status="PASS" starttime="20210511 23:34:19.708" endtime="20210511 23:34:21.733"/>
</kw>
<kw name="Given Go To Web Page" library="PetclinicKeywords">
<kw name="Load Page" library="PetclinicKeywords">
<kw name="Go To" library="SeleniumLibrary">
<arg>${URL}</arg>
<doc>Navigates the current browser window to the provided ``url``.</doc>
<msg timestamp="20210511 23:34:21.735" level="INFO">Opening url 'http://localhost:4200/'</msg>
<status status="PASS" starttime="20210511 23:34:21.735" endtime="20210511 23:34:22.447"/>
</kw>
<status status="PASS" starttime="20210511 23:34:21.734" endtime="20210511 23:34:22.447"/>
</kw>
<kw name="Verify Page Loaded" library="PetclinicKeywords">
<kw name="Get Text" library="SeleniumLibrary">
<var>${actualTerm}</var>
<arg>xpath:/html/body/app-root/app-welcome/h1</arg>
<doc>Returns the text value of the element identified by ``locator``.</doc>
<msg timestamp="20210511 23:34:22.635" level="INFO">${actualTerm} = Welcome to Petclinic</msg>
<status status="PASS" starttime="20210511 23:34:22.448" endtime="20210511 23:34:22.635"/>
</kw>
<kw name="Should Be Equal" library="BuiltIn">
<arg>${Welcome_Message}</arg>
<arg>${actualTerm}</arg>
<doc>Fails if the given objects are unequal.</doc>
<status status="PASS" starttime="20210511 23:34:22.635" endtime="20210511 23:34:22.636"/>
</kw>
<status status="PASS" starttime="20210511 23:34:22.447" endtime="20210511 23:34:22.636"/>
</kw>
<status status="PASS" starttime="20210511 23:34:21.734" endtime="20210511 23:34:22.636"/>
</kw>
<kw name="When All Owners" library="PetclinicKeywords">
<kw name="Click Element" library="SeleniumLibrary">
<arg>xpath:/html/body/app-root/div[1]/nav/div/ul/li[2]/a</arg>
<doc>Click the element identified by ``locator``.</doc>
<msg timestamp="20210511 23:34:22.638" level="INFO">Clicking element 'xpath:/html/body/app-root/div[1]/nav/div/ul/li[2]/a'.</msg>
<status status="PASS" starttime="20210511 23:34:22.638" endtime="20210511 23:34:22.854"/>
</kw>
<kw name="Click Element" library="SeleniumLibrary">
<arg>xpath:/html/body/app-root/div[1]/nav/div/ul/li[2]/ul/li[1]/a</arg>
<doc>Click the element identified by ``locator``.</doc>
<msg timestamp="20210511 23:34:22.855" level="INFO">Clicking element 'xpath:/html/body/app-root/div[1]/nav/div/ul/li[2]/ul/li[1]/a'.</msg>
<status status="PASS" starttime="20210511 23:34:22.854" endtime="20210511 23:34:23.133"/>
</kw>
<status status="PASS" starttime="20210511 23:34:22.637" endtime="20210511 23:34:23.133"/>
</kw>
<kw name="And Select A Owner From The List" library="PetclinicKeywords">
<kw name="Click Element" library="SeleniumLibrary">
<arg>xpath:/html/body/app-root/app-owner-list/div/div/div/table/tbody/tr[9]/td[1]/a</arg>
<doc>Click the element identified by ``locator``.</doc>
<msg timestamp="20210511 23:34:23.138" level="INFO">Clicking element 'xpath:/html/body/app-root/app-owner-list/div/div/div/table/tbody/tr[9]/td[1]/a'.</msg>
<status status="PASS" starttime="20210511 23:34:23.137" endtime="20210511 23:34:23.430"/>
</kw>
<status status="PASS" starttime="20210511 23:34:23.137" endtime="20210511 23:34:23.430"/>
</kw>
<kw name="And Add New Pet" library="PetclinicKeywords">
<kw name="Click Element" library="SeleniumLibrary">
<arg>xpath:/html/body/app-root/app-owner-detail/div/div/button[3]</arg>
<doc>Click the element identified by ``locator``.</doc>
<msg timestamp="20210511 23:34:23.432" level="INFO">Clicking element 'xpath:/html/body/app-root/app-owner-detail/div/div/button[3]'.</msg>
<status status="PASS" starttime="20210511 23:34:23.432" endtime="20210511 23:34:23.723"/>
</kw>
<status status="PASS" starttime="20210511 23:34:23.431" endtime="20210511 23:34:23.723"/>
</kw>
<kw name="And Input New Pet Detalis" library="PetclinicKeywords">
<kw name="Click Element" library="SeleniumLibrary">
<arg>id=name</arg>
<doc>Click the element identified by ``locator``.</doc>
<msg timestamp="20210511 23:34:23.726" level="INFO">Clicking element 'id=name'.</msg>
<status status="PASS" starttime="20210511 23:34:23.725" endtime="20210511 23:34:23.989"/>
</kw>
<status status="PASS" starttime="20210511 23:34:23.724" endtime="20210511 23:34:23.990"/>
</kw>
<kw name="And Pet Details" library="PetclinicKeywords">
<arg>${Give_New_PetName_1}</arg>
<arg>${NewPet_BirthDate}</arg>
<kw name="Name" library="PetclinicKeywords">
<arg>${Pet_Name}</arg>
<kw name="Input Text" library="SeleniumLibrary">
<arg>id=name</arg>
<arg>${Pet_Name}</arg>
<doc>Types the given ``text`` into the text field identified by ``locator``.</doc>
<msg timestamp="20210511 23:34:23.993" level="INFO">Typing text 'Venus' into text field 'id=name'.</msg>
<status status="PASS" starttime="20210511 23:34:23.993" endtime="20210511 23:34:24.320"/>
</kw>
<status status="PASS" starttime="20210511 23:34:23.992" endtime="20210511 23:34:24.321"/>
</kw>
<kw name="Birth Date" library="PetclinicKeywords">
<arg>${Birth_Date}</arg>
<kw name="Input Text" library="SeleniumLibrary">
<arg>xpath:/html/body/app-root/app-pet-add/div/div/form/div[4]/div/input</arg>
<arg>${Birth_Date}</arg>
<doc>Types the given ``text`` into the text field identified by ``locator``.</doc>
<msg timestamp="20210511 23:34:24.322" level="INFO">Typing text '2021/04/19' into text field 'xpath:/html/body/app-root/app-pet-add/div/div/form/div[4]/div/input'.</msg>
<status status="PASS" starttime="20210511 23:34:24.321" endtime="20210511 23:34:24.696"/>
</kw>
<status status="PASS" starttime="20210511 23:34:24.321" endtime="20210511 23:34:24.697"/>
</kw>
<kw name="Click Element" library="SeleniumLibrary">
<arg>id=type</arg>
<doc>Click the element identified by ``locator``.</doc>
<msg timestamp="20210511 23:34:24.697" level="INFO">Clicking element 'id=type'.</msg>
<status status="PASS" starttime="20210511 23:34:24.697" endtime="20210511 23:34:24.948"/>
</kw>
<kw name="Click Element" library="SeleniumLibrary">
<arg>xpath://*[@id="type"]/option[2]</arg>
<doc>Click the element identified by ``locator``.</doc>
<msg timestamp="20210511 23:34:24.949" level="INFO">Clicking element 'xpath://*[@id="type"]/option[2]'.</msg>
<status status="PASS" starttime="20210511 23:34:24.948" endtime="20210511 23:34:25.149"/>
</kw>
<kw name="Click Element" library="SeleniumLibrary">
<arg>xpath:/html/body/app-root/app-pet-add/div/div/form/div[6]/div/button[2]</arg>
<doc>Click the element identified by ``locator``.</doc>
<msg timestamp="20210511 23:34:25.150" level="INFO">Clicking element 'xpath:/html/body/app-root/app-pet-add/div/div/form/div[6]/div/button[2]'.</msg>
<status status="PASS" starttime="20210511 23:34:25.150" endtime="20210511 23:34:25.383"/>
</kw>
<kw name="Set Selenium Speed" library="SeleniumLibrary">
<arg>.5</arg>
<doc>Sets the delay that is waited after each Selenium command.</doc>
<status status="PASS" starttime="20210511 23:34:25.383" endtime="20210511 23:34:25.384"/>
</kw>
<status status="PASS" starttime="20210511 23:34:23.991" endtime="20210511 23:34:25.384"/>
</kw>
<kw name="Then Verify Pet Added To Invalid Owner" library="PetclinicKeywords">
<kw name="Click Element" library="SeleniumLibrary">
<arg>xpath:/html/body/app-root/div[1]/nav/div/ul/li[2]/a</arg>
<doc>Click the element identified by ``locator``.</doc>
<msg timestamp="20210511 23:34:25.387" level="INFO">Clicking element 'xpath:/html/body/app-root/div[1]/nav/div/ul/li[2]/a'.</msg>
<status status="PASS" starttime="20210511 23:34:25.386" endtime="20210511 23:34:26.428"/>
</kw>
<kw name="Click Element" library="SeleniumLibrary">
<arg>xpath:/html/body/app-root/div[1]/nav/div/ul/li[2]/ul/li[1]/a/span[2]</arg>
<doc>Click the element identified by ``locator``.</doc>
<msg timestamp="20210511 23:34:26.429" level="INFO">Clicking element 'xpath:/html/body/app-root/div[1]/nav/div/ul/li[2]/ul/li[1]/a/span[2]'.</msg>
<status status="PASS" starttime="20210511 23:34:26.428" endtime="20210511 23:34:27.520"/>
</kw>
<kw name="Click Element" library="SeleniumLibrary">
<arg>xpath:/html/body/app-root/app-owner-list/div/div/div/table/tbody/tr[3]/td[1]/a</arg>
<doc>Click the element identified by ``locator``.</doc>
<msg timestamp="20210511 23:34:27.521" level="INFO">Clicking element 'xpath:/html/body/app-root/app-owner-list/div/div/div/table/tbody/tr[3]/td[1]/a'.</msg>
<status status="PASS" starttime="20210511 23:34:27.520" endtime="20210511 23:34:28.610"/>
</kw>
<kw name="Get Title" library="SeleniumLibrary">
<var>${link_text}</var>
<doc>Returns the title of the current page.</doc>
<msg timestamp="20210511 23:34:29.126" level="INFO">${link_text} = SpringPetclinicAngular</msg>
<status status="PASS" starttime="20210511 23:34:28.610" endtime="20210511 23:34:29.126"/>
</kw>
<kw name="Should Not Be Equal" library="BuiltIn">
<arg>${Verify_Pet_Added_1}</arg>
<arg>${link_text}</arg>
<doc>Fails if the given objects are equal.</doc>
<status status="PASS" starttime="20210511 23:34:29.127" endtime="20210511 23:34:29.127"/>
</kw>
<kw name="Delete Pet After Verifying in Invalid Owner" library="PetclinicKeywords">
<kw name="All Owners" library="PetclinicKeywords">
<kw name="Click Element" library="SeleniumLibrary">
<arg>xpath:/html/body/app-root/div[1]/nav/div/ul/li[2]/a</arg>
<doc>Click the element identified by ``locator``.</doc>
<msg timestamp="20210511 23:34:29.128" level="INFO">Clicking element 'xpath:/html/body/app-root/div[1]/nav/div/ul/li[2]/a'.</msg>
<status status="PASS" starttime="20210511 23:34:29.128" endtime="20210511 23:34:30.205"/>
</kw>
<kw name="Click Element" library="SeleniumLibrary">
<arg>xpath:/html/body/app-root/div[1]/nav/div/ul/li[2]/ul/li[1]/a</arg>
<doc>Click the element identified by ``locator``.</doc>
<msg timestamp="20210511 23:34:30.206" level="INFO">Clicking element 'xpath:/html/body/app-root/div[1]/nav/div/ul/li[2]/ul/li[1]/a'.</msg>
<status status="PASS" starttime="20210511 23:34:30.206" endtime="20210511 23:34:31.298"/>
</kw>
<status status="PASS" starttime="20210511 23:34:29.128" endtime="20210511 23:34:31.298"/>
</kw>
<kw name="Select A Owner From The List" library="PetclinicKeywords">
<kw name="Click Element" library="SeleniumLibrary">
<arg>xpath:/html/body/app-root/app-owner-list/div/div/div/table/tbody/tr[9]/td[1]/a</arg>
<doc>Click the element identified by ``locator``.</doc>
<msg timestamp="20210511 23:34:31.300" level="INFO">Clicking element 'xpath:/html/body/app-root/app-owner-list/div/div/div/table/tbody/tr[9]/td[1]/a'.</msg>
<status status="PASS" starttime="20210511 23:34:31.299" endtime="20210511 23:34:32.407"/>
</kw>
<status status="PASS" starttime="20210511 23:34:31.298" endtime="20210511 23:34:32.407"/>
</kw>
<kw name="Delete Pet After Verifying" library="PetclinicKeywords">
<kw name="Click Element" library="SeleniumLibrary">
<arg>xpath:/html/body/app-root/app-owner-detail/div/div/table[2]/tr/app-pet-list[2]/table/tr/td[1]/dl/button[2]</arg>
<doc>Click the element identified by ``locator``.</doc>
<msg timestamp="20210511 23:34:32.408" level="INFO">Clicking element 'xpath:/html/body/app-root/app-owner-detail/div/div/table[2]/tr/app-pet-list[2]/table/tr/td[1]/dl/button[2]'.</msg>
<status status="PASS" starttime="20210511 23:34:32.408" endtime="20210511 23:34:33.502"/>
</kw>
<status status="PASS" starttime="20210511 23:34:32.407" endtime="20210511 23:34:33.502"/>
</kw>
<status status="PASS" starttime="20210511 23:34:29.127" endtime="20210511 23:34:33.502"/>
</kw>
<status status="PASS" starttime="20210511 23:34:25.385" endtime="20210511 23:34:33.503"/>
</kw>
<kw name="End Web Test" library="PetclinicKeywords" type="TEARDOWN">
<kw name="Close Browser" library="SeleniumLibrary">
<doc>Closes the current browser.</doc>
<status status="PASS" starttime="20210511 23:34:33.504" endtime="20210511 23:34:36.394"/>
</kw>
<status status="PASS" starttime="20210511 23:34:33.504" endtime="20210511 23:34:36.395"/>
</kw>
<doc>Adding a newpet and verifying with InValid Owner</doc>
<tag>Testing adding a newpet and verifying With Diffrent Owner</tag>
<status status="PASS" starttime="20210511 23:34:19.707" endtime="20210511 23:34:36.395"/>
</test>
<test id="s1-s2-t3" name="Adding A New Pet To The Owner And verifying Pet Can Add Multiple Types">
<kw name="Begin WebTest" library="PetclinicKeywords" type="SETUP">
<kw name="Open Browser" library="SeleniumLibrary">
<arg>about:blank</arg>
<arg>${BROWSER}</arg>
<doc>Opens a new browser instance to the optional ``url``.</doc>
<msg timestamp="20210511 23:34:36.401" level="INFO">Opening browser 'chrome' to base url 'about:blank'.</msg>
<status status="PASS" starttime="20210511 23:34:36.400" endtime="20210511 23:34:38.469"/>
</kw>
<kw name="Set Selenium Speed" library="SeleniumLibrary">
<arg>0.07</arg>
<doc>Sets the delay that is waited after each Selenium command.</doc>
<status status="PASS" starttime="20210511 23:34:38.470" endtime="20210511 23:34:38.470"/>
</kw>
<status status="PASS" starttime="20210511 23:34:36.399" endtime="20210511 23:34:38.470"/>
</kw>
<kw name="Given Go To Web Page" library="PetclinicKeywords">
<kw name="Load Page" library="PetclinicKeywords">
<kw name="Go To" library="SeleniumLibrary">
<arg>${URL}</arg>
<doc>Navigates the current browser window to the provided ``url``.</doc>
<msg timestamp="20210511 23:34:38.473" level="INFO">Opening url 'http://localhost:4200/'</msg>
<status status="PASS" starttime="20210511 23:34:38.473" endtime="20210511 23:34:39.112"/>
</kw>
<status status="PASS" starttime="20210511 23:34:38.472" endtime="20210511 23:34:39.112"/>
</kw>
<kw name="Verify Page Loaded" library="PetclinicKeywords">
<kw name="Get Text" library="SeleniumLibrary">
<var>${actualTerm}</var>
<arg>xpath:/html/body/app-root/app-welcome/h1</arg>
<doc>Returns the text value of the element identified by ``locator``.</doc>
<msg timestamp="20210511 23:34:39.298" level="INFO">${actualTerm} = Welcome to Petclinic</msg>
<status status="PASS" starttime="20210511 23:34:39.113" endtime="20210511 23:34:39.298"/>
</kw>
<kw name="Should Be Equal" library="BuiltIn">
<arg>${Welcome_Message}</arg>
<arg>${actualTerm}</arg>
<doc>Fails if the given objects are unequal.</doc>
<status status="PASS" starttime="20210511 23:34:39.299" endtime="20210511 23:34:39.300"/>
</kw>
<status status="PASS" starttime="20210511 23:34:39.112" endtime="20210511 23:34:39.300"/>
</kw>
<status status="PASS" starttime="20210511 23:34:38.472" endtime="20210511 23:34:39.300"/>
</kw>
<kw name="When All Owners" library="PetclinicKeywords">
<kw name="Click Element" library="SeleniumLibrary">
<arg>xpath:/html/body/app-root/div[1]/nav/div/ul/li[2]/a</arg>
<doc>Click the element identified by ``locator``.</doc>
<msg timestamp="20210511 23:34:39.302" level="INFO">Clicking element 'xpath:/html/body/app-root/div[1]/nav/div/ul/li[2]/a'.</msg>
<status status="PASS" starttime="20210511 23:34:39.302" endtime="20210511 23:34:39.532"/>
</kw>
<kw name="Click Element" library="SeleniumLibrary">
<arg>xpath:/html/body/app-root/div[1]/nav/div/ul/li[2]/ul/li[1]/a</arg>
<doc>Click the element identified by ``locator``.</doc>
<msg timestamp="20210511 23:34:39.533" level="INFO">Clicking element 'xpath:/html/body/app-root/div[1]/nav/div/ul/li[2]/ul/li[1]/a'.</msg>
<status status="PASS" starttime="20210511 23:34:39.532" endtime="20210511 23:34:39.828"/>
</kw>
<status status="PASS" starttime="20210511 23:34:39.301" endtime="20210511 23:34:39.828"/>
</kw>
<kw name="And Select A Owner From The List" library="PetclinicKeywords">
<kw name="Click Element" library="SeleniumLibrary">
<arg>xpath:/html/body/app-root/app-owner-list/div/div/div/table/tbody/tr[9]/td[1]/a</arg>
<doc>Click the element identified by ``locator``.</doc>
<msg timestamp="20210511 23:34:39.830" level="INFO">Clicking element 'xpath:/html/body/app-root/app-owner-list/div/div/div/table/tbody/tr[9]/td[1]/a'.</msg>
<status status="PASS" starttime="20210511 23:34:39.830" endtime="20210511 23:34:40.079"/>
</kw>
<status status="PASS" starttime="20210511 23:34:39.829" endtime="20210511 23:34:40.079"/>
</kw>
<kw name="And Add New Pet" library="PetclinicKeywords">
<kw name="Click Element" library="SeleniumLibrary">
<arg>xpath:/html/body/app-root/app-owner-detail/div/div/button[3]</arg>
<doc>Click the element identified by ``locator``.</doc>
<msg timestamp="20210511 23:34:40.081" level="INFO">Clicking element 'xpath:/html/body/app-root/app-owner-detail/div/div/button[3]'.</msg>
<status status="PASS" starttime="20210511 23:34:40.081" endtime="20210511 23:34:40.389"/>
</kw>
<status status="PASS" starttime="20210511 23:34:40.080" endtime="20210511 23:34:40.389"/>
</kw>
<kw name="And Input New Pet Detalis" library="PetclinicKeywords">
<kw name="Click Element" library="SeleniumLibrary">
<arg>id=name</arg>
<doc>Click the element identified by ``locator``.</doc>
<msg timestamp="20210511 23:34:40.394" level="INFO">Clicking element 'id=name'.</msg>
<status status="PASS" starttime="20210511 23:34:40.394" endtime="20210511 23:34:40.670"/>
</kw>
<status status="PASS" starttime="20210511 23:34:40.393" endtime="20210511 23:34:40.670"/>
</kw>
<kw name="And Pet Details" library="PetclinicKeywords">
<arg>${Give_New_PetName_1}</arg>
<arg>${NewPet_BirthDate}</arg>
<kw name="Name" library="PetclinicKeywords">
<arg>${Pet_Name}</arg>
<kw name="Input Text" library="SeleniumLibrary">
<arg>id=name</arg>
<arg>${Pet_Name}</arg>
<doc>Types the given ``text`` into the text field identified by ``locator``.</doc>
<msg timestamp="20210511 23:34:40.673" level="INFO">Typing text 'Venus' into text field 'id=name'.</msg>
<status status="PASS" starttime="20210511 23:34:40.673" endtime="20210511 23:34:40.999"/>
</kw>
<status status="PASS" starttime="20210511 23:34:40.672" endtime="20210511 23:34:40.999"/>
</kw>
<kw name="Birth Date" library="PetclinicKeywords">
<arg>${Birth_Date}</arg>
<kw name="Input Text" library="SeleniumLibrary">
<arg>xpath:/html/body/app-root/app-pet-add/div/div/form/div[4]/div/input</arg>
<arg>${Birth_Date}</arg>
<doc>Types the given ``text`` into the text field identified by ``locator``.</doc>
<msg timestamp="20210511 23:34:41.001" level="INFO">Typing text '2021/04/19' into text field 'xpath:/html/body/app-root/app-pet-add/div/div/form/div[4]/div/input'.</msg>
<status status="PASS" starttime="20210511 23:34:41.000" endtime="20210511 23:34:41.388"/>
</kw>
<status status="PASS" starttime="20210511 23:34:40.999" endtime="20210511 23:34:41.389"/>
</kw>
<kw name="Click Element" library="SeleniumLibrary">
<arg>id=type</arg>
<doc>Click the element identified by ``locator``.</doc>
<msg timestamp="20210511 23:34:41.389" level="INFO">Clicking element 'id=type'.</msg>
<status status="PASS" starttime="20210511 23:34:41.389" endtime="20210511 23:34:41.624"/>
</kw>
<kw name="Click Element" library="SeleniumLibrary">
<arg>xpath://*[@id="type"]/option[2]</arg>
<doc>Click the element identified by ``locator``.</doc>
<msg timestamp="20210511 23:34:41.625" level="INFO">Clicking element 'xpath://*[@id="type"]/option[2]'.</msg>
<status status="PASS" starttime="20210511 23:34:41.624" endtime="20210511 23:34:41.826"/>
</kw>
<kw name="Click Element" library="SeleniumLibrary">
<arg>xpath:/html/body/app-root/app-pet-add/div/div/form/div[6]/div/button[2]</arg>
<doc>Click the element identified by ``locator``.</doc>
<msg timestamp="20210511 23:34:41.826" level="INFO">Clicking element 'xpath:/html/body/app-root/app-pet-add/div/div/form/div[6]/div/button[2]'.</msg>
<status status="PASS" starttime="20210511 23:34:41.826" endtime="20210511 23:34:42.060"/>
</kw>
<kw name="Set Selenium Speed" library="SeleniumLibrary">
<arg>.5</arg>
<doc>Sets the delay that is waited after each Selenium command.</doc>
<status status="PASS" starttime="20210511 23:34:42.060" endtime="20210511 23:34:42.060"/>
</kw>
<status status="PASS" starttime="20210511 23:34:40.671" endtime="20210511 23:34:42.060"/>
</kw>
<kw name="And Add New Pet" library="PetclinicKeywords">
<kw name="Click Element" library="SeleniumLibrary">
<arg>xpath:/html/body/app-root/app-owner-detail/div/div/button[3]</arg>
<doc>Click the element identified by ``locator``.</doc>
<msg timestamp="20210511 23:34:42.062" level="INFO">Clicking element 'xpath:/html/body/app-root/app-owner-detail/div/div/button[3]'.</msg>
<status status="PASS" starttime="20210511 23:34:42.062" endtime="20210511 23:34:43.152"/>
</kw>
<status status="PASS" starttime="20210511 23:34:42.061" endtime="20210511 23:34:43.152"/>
</kw>
<kw name="And Input New Pet Detalis" library="PetclinicKeywords">
<kw name="Click Element" library="SeleniumLibrary">
<arg>id=name</arg>
<doc>Click the element identified by ``locator``.</doc>
<msg timestamp="20210511 23:34:43.154" level="INFO">Clicking element 'id=name'.</msg>
<status status="PASS" starttime="20210511 23:34:43.153" endtime="20210511 23:34:44.239"/>
</kw>
<status status="PASS" starttime="20210511 23:34:43.153" endtime="20210511 23:34:44.240"/>
</kw>
<kw name="And Pet Details" library="PetclinicKeywords">
<arg>${Give_New_PetName_2}</arg>
<arg>${NewPet_BirthDate}</arg>
<kw name="Name" library="PetclinicKeywords">
<arg>${Pet_Name}</arg>
<kw name="Input Text" library="SeleniumLibrary">
<arg>id=name</arg>
<arg>${Pet_Name}</arg>
<doc>Types the given ``text`` into the text field identified by ``locator``.</doc>
<msg timestamp="20210511 23:34:44.244" level="INFO">Typing text 'Jupiter' into text field 'id=name'.</msg>
<status status="PASS" starttime="20210511 23:34:44.243" endtime="20210511 23:34:45.846"/>
</kw>
<status status="PASS" starttime="20210511 23:34:44.242" endtime="20210511 23:34:45.847"/>
</kw>
<kw name="Birth Date" library="PetclinicKeywords">
<arg>${Birth_Date}</arg>
<kw name="Input Text" library="SeleniumLibrary">
<arg>xpath:/html/body/app-root/app-pet-add/div/div/form/div[4]/div/input</arg>
<arg>${Birth_Date}</arg>
<doc>Types the given ``text`` into the text field identified by ``locator``.</doc>
<msg timestamp="20210511 23:34:45.848" level="INFO">Typing text '2021/04/19' into text field 'xpath:/html/body/app-root/app-pet-add/div/div/form/div[4]/div/input'.</msg>
<status status="PASS" starttime="20210511 23:34:45.848" endtime="20210511 23:34:47.510"/>
</kw>
<status status="PASS" starttime="20210511 23:34:45.847" endtime="20210511 23:34:47.510"/>
</kw>
<kw name="Click Element" library="SeleniumLibrary">
<arg>id=type</arg>
<doc>Click the element identified by ``locator``.</doc>
<msg timestamp="20210511 23:34:47.511" level="INFO">Clicking element 'id=type'.</msg>
<status status="PASS" starttime="20210511 23:34:47.510" endtime="20210511 23:34:48.617"/>
</kw>
<kw name="Click Element" library="SeleniumLibrary">
<arg>xpath://*[@id="type"]/option[2]</arg>
<doc>Click the element identified by ``locator``.</doc>
<msg timestamp="20210511 23:34:48.618" level="INFO">Clicking element 'xpath://*[@id="type"]/option[2]'.</msg>
<status status="PASS" starttime="20210511 23:34:48.617" endtime="20210511 23:34:49.678"/>
</kw>
<kw name="Click Element" library="SeleniumLibrary">
<arg>xpath:/html/body/app-root/app-pet-add/div/div/form/div[6]/div/button[2]</arg>
<doc>Click the element identified by ``locator``.</doc>
<msg timestamp="20210511 23:34:49.679" level="INFO">Clicking element 'xpath:/html/body/app-root/app-pet-add/div/div/form/div[6]/div/button[2]'.</msg>
<status status="PASS" starttime="20210511 23:34:49.678" endtime="20210511 23:34:50.769"/>
</kw>
<kw name="Set Selenium Speed" library="SeleniumLibrary">
<arg>.5</arg>
<doc>Sets the delay that is waited after each Selenium command.</doc>
<status status="PASS" starttime="20210511 23:34:50.769" endtime="20210511 23:34:50.770"/>
</kw>
<status status="PASS" starttime="20210511 23:34:44.241" endtime="20210511 23:34:50.770"/>
</kw>
<kw name="And Add New Pet" library="PetclinicKeywords">
<kw name="Click Element" library="SeleniumLibrary">
<arg>xpath:/html/body/app-root/app-owner-detail/div/div/button[3]</arg>
<doc>Click the element identified by ``locator``.</doc>
<msg timestamp="20210511 23:34:50.772" level="INFO">Clicking element 'xpath:/html/body/app-root/app-owner-detail/div/div/button[3]'.</msg>
<status status="PASS" starttime="20210511 23:34:50.771" endtime="20210511 23:34:51.865"/>
</kw>
<status status="PASS" starttime="20210511 23:34:50.771" endtime="20210511 23:34:51.865"/>
</kw>
<kw name="And Input New Pet Detalis" library="PetclinicKeywords">
<kw name="Click Element" library="SeleniumLibrary">
<arg>id=name</arg>
<doc>Click the element identified by ``locator``.</doc>
<msg timestamp="20210511 23:34:51.867" level="INFO">Clicking element 'id=name'.</msg>
<status status="PASS" starttime="20210511 23:34:51.867" endtime="20210511 23:34:52.968"/>
</kw>
<status status="PASS" starttime="20210511 23:34:51.866" endtime="20210511 23:34:52.968"/>
</kw>
<kw name="And Pet Details" library="PetclinicKeywords">
<arg>${Give_New_PetName_3}</arg>
<arg>${NewPet_BirthDate}</arg>
<kw name="Name" library="PetclinicKeywords">
<arg>${Pet_Name}</arg>
<kw name="Input Text" library="SeleniumLibrary">
<arg>id=name</arg>
<arg>${Pet_Name}</arg>
<doc>Types the given ``text`` into the text field identified by ``locator``.</doc>
<msg timestamp="20210511 23:34:52.972" level="INFO">Typing text 'Mars' into text field 'id=name'.</msg>
<status status="PASS" starttime="20210511 23:34:52.971" endtime="20210511 23:34:54.589"/>
</kw>
<status status="PASS" starttime="20210511 23:34:52.970" endtime="20210511 23:34:54.589"/>
</kw>
<kw name="Birth Date" library="PetclinicKeywords">
<arg>${Birth_Date}</arg>
<kw name="Input Text" library="SeleniumLibrary">
<arg>xpath:/html/body/app-root/app-pet-add/div/div/form/div[4]/div/input</arg>
<arg>${Birth_Date}</arg>
<doc>Types the given ``text`` into the text field identified by ``locator``.</doc>
<msg timestamp="20210511 23:34:54.591" level="INFO">Typing text '2021/04/19' into text field 'xpath:/html/body/app-root/app-pet-add/div/div/form/div[4]/div/input'.</msg>
<status status="PASS" starttime="20210511 23:34:54.590" endtime="20210511 23:34:56.279"/>
</kw>
<status status="PASS" starttime="20210511 23:34:54.589" endtime="20210511 23:34:56.280"/>
</kw>
<kw name="Click Element" library="SeleniumLibrary">
<arg>id=type</arg>
<doc>Click the element identified by ``locator``.</doc>
<msg timestamp="20210511 23:34:56.281" level="INFO">Clicking element 'id=type'.</msg>
<status status="PASS" starttime="20210511 23:34:56.280" endtime="20210511 23:34:57.367"/>
</kw>
<kw name="Click Element" library="SeleniumLibrary">
<arg>xpath://*[@id="type"]/option[2]</arg>
<doc>Click the element identified by ``locator``.</doc>
<msg timestamp="20210511 23:34:57.368" level="INFO">Clicking element 'xpath://*[@id="type"]/option[2]'.</msg>
<status status="PASS" starttime="20210511 23:34:57.368" endtime="20210511 23:34:58.411"/>
</kw>
<kw name="Click Element" library="SeleniumLibrary">
<arg>xpath:/html/body/app-root/app-pet-add/div/div/form/div[6]/div/button[2]</arg>
<doc>Click the element identified by ``locator``.</doc>
<msg timestamp="20210511 23:34:58.412" level="INFO">Clicking element 'xpath:/html/body/app-root/app-pet-add/div/div/form/div[6]/div/button[2]'.</msg>
<status status="PASS" starttime="20210511 23:34:58.411" endtime="20210511 23:34:59.505"/>
</kw>
<kw name="Set Selenium Speed" library="SeleniumLibrary">
<arg>.5</arg>
<doc>Sets the delay that is waited after each Selenium command.</doc>
<status status="PASS" starttime="20210511 23:34:59.505" endtime="20210511 23:34:59.505"/>
</kw>
<status status="PASS" starttime="20210511 23:34:52.969" endtime="20210511 23:34:59.505"/>
</kw>
<kw name="Then Verifying Pet Can Add Multiple Times" library="PetclinicKeywords">
<kw name="Get Text" library="SeleniumLibrary">
<var>${2nd_Pet_Added}</var>
<arg>xpath:/html/body/app-root/app-owner-detail/div/div/table[2]/tr/app-pet-list[2]/table/tr/td[1]/dl/dd[1]</arg>
<doc>Returns the text value of the element identified by ``locator``.</doc>
<msg timestamp="20210511 23:35:00.563" level="INFO">${2nd_Pet_Added} = Jupiter</msg>
<status status="PASS" starttime="20210511 23:34:59.507" endtime="20210511 23:35:00.563"/>
</kw>
<kw name="Should Be Equal" library="BuiltIn">
<arg>${Verify_Pet_Added_2}</arg>
<arg>${2nd_Pet_Added}</arg>
<doc>Fails if the given objects are unequal.</doc>
<status status="PASS" starttime="20210511 23:35:00.563" endtime="20210511 23:35:00.564"/>
</kw>
<kw name="Delete Pet After Adding multiple Times And Verifying" library="PetclinicKeywords">
<kw name="Click Element" library="SeleniumLibrary">
<arg>xpath:/html/body/app-root/app-owner-detail/div/div/table[2]/tr/app-pet-list[2]/table/tr/td[1]/dl/button[2]</arg>
<doc>Click the element identified by ``locator``.</doc>
<msg timestamp="20210511 23:35:00.565" level="INFO">Clicking element 'xpath:/html/body/app-root/app-owner-detail/div/div/table[2]/tr/app-pet-list[2]/table/tr/td[1]/dl/button[2]'.</msg>
<status status="PASS" starttime="20210511 23:35:00.564" endtime="20210511 23:35:01.643"/>
</kw>
<kw name="Click Element" library="SeleniumLibrary">
<arg>xpath:/html/body/app-root/app-owner-detail/div/div/button[1]</arg>
<doc>Click the element identified by ``locator``.</doc>
<msg timestamp="20210511 23:35:01.643" level="INFO">Clicking element 'xpath:/html/body/app-root/app-owner-detail/div/div/button[1]'.</msg>
<status status="PASS" starttime="20210511 23:35:01.643" endtime="20210511 23:35:02.773"/>
</kw>
<kw name="Select A Owner From The List" library="PetclinicKeywords">
<kw name="Click Element" library="SeleniumLibrary">
<arg>xpath:/html/body/app-root/app-owner-list/div/div/div/table/tbody/tr[9]/td[1]/a</arg>
<doc>Click the element identified by ``locator``.</doc>
<msg timestamp="20210511 23:35:02.774" level="INFO">Clicking element 'xpath:/html/body/app-root/app-owner-list/div/div/div/table/tbody/tr[9]/td[1]/a'.</msg>
<status status="PASS" starttime="20210511 23:35:02.774" endtime="20210511 23:35:03.894"/>
</kw>
<status status="PASS" starttime="20210511 23:35:02.773" endtime="20210511 23:35:03.894"/>
</kw>
<kw name="Click Element" library="SeleniumLibrary">
<arg>xpath:/html/body/app-root/app-owner-detail/div/div/table[2]/tr/app-pet-list[3]/table/tr/td[1]/dl/button[2]</arg>
<doc>Click the element identified by ``locator``.</doc>
<msg timestamp="20210511 23:35:03.895" level="INFO">Clicking element 'xpath:/html/body/app-root/app-owner-detail/div/div/table[2]/tr/app-pet-list[3]/table/tr/td[1]/dl/button[2]'.</msg>
<status status="PASS" starttime="20210511 23:35:03.895" endtime="20210511 23:35:04.955"/>
</kw>
<kw name="Click Element" library="SeleniumLibrary">
<arg>xpath:/html/body/app-root/app-owner-detail/div/div/table[2]/tr/app-pet-list[2]/table/tr/td[1]/dl/button[2]</arg>
<doc>Click the element identified by ``locator``.</doc>
<msg timestamp="20210511 23:35:04.955" level="INFO">Clicking element 'xpath:/html/body/app-root/app-owner-detail/div/div/table[2]/tr/app-pet-list[2]/table/tr/td[1]/dl/button[2]'.</msg>
<status status="PASS" starttime="20210511 23:35:04.955" endtime="20210511 23:35:06.016"/>
</kw>
<status status="PASS" starttime="20210511 23:35:00.564" endtime="20210511 23:35:06.017"/>
</kw>
<status status="PASS" starttime="20210511 23:34:59.506" endtime="20210511 23:35:06.017"/>
</kw>
<kw name="End Web Test" library="PetclinicKeywords" type="TEARDOWN">
<kw name="Close Browser" library="SeleniumLibrary">
<doc>Closes the current browser.</doc>
<status status="PASS" starttime="20210511 23:35:06.019" endtime="20210511 23:35:08.715"/>
</kw>
<status status="PASS" starttime="20210511 23:35:06.018" endtime="20210511 23:35:08.716"/>
</kw>
<doc>Adding a newpet and verifying It Can Add Multile Times</doc>
<tag>Testing adding Multiple Pets and verifying</tag>
<status status="PASS" starttime="20210511 23:34:36.397" endtime="20210511 23:35:08.716"/>
</test>
<test id="s1-s2-t4" name="Deleting A Newly Added Pet">
<kw name="Begin WebTest" library="PetclinicKeywords" type="SETUP">
<kw name="Open Browser" library="SeleniumLibrary">
<arg>about:blank</arg>
<arg>${BROWSER}</arg>
<doc>Opens a new browser instance to the optional ``url``.</doc>
<msg timestamp="20210511 23:35:08.722" level="INFO">Opening browser 'chrome' to base url 'about:blank'.</msg>
<status status="PASS" starttime="20210511 23:35:08.720" endtime="20210511 23:35:10.773"/>
</kw>
<kw name="Set Selenium Speed" library="SeleniumLibrary">
<arg>0.07</arg>
<doc>Sets the delay that is waited after each Selenium command.</doc>
<status status="PASS" starttime="20210511 23:35:10.773" endtime="20210511 23:35:10.773"/>
</kw>
<status status="PASS" starttime="20210511 23:35:08.720" endtime="20210511 23:35:10.774"/>
</kw>
<kw name="Given Go To Web Page" library="PetclinicKeywords">
<kw name="Load Page" library="PetclinicKeywords">
<kw name="Go To" library="SeleniumLibrary">
<arg>${URL}</arg>
<doc>Navigates the current browser window to the provided ``url``.</doc>
[...]
<status status="PASS" starttime="20210511 23:38:17.969" endtime="20210511 23:38:18.481"/>
</kw>
<status status="PASS" starttime="20210511 23:38:17.578" endtime="20210511 23:38:18.481"/>
</kw>
<kw name="End Web Test" library="PetclinicKeywords" type="TEARDOWN">
<kw name="Close Browser" library="SeleniumLibrary">
<doc>Closes the current browser.</doc>
<status status="PASS" starttime="20210511 23:38:18.482" endtime="20210511 23:38:20.789"/>
</kw>
<status status="PASS" starttime="20210511 23:38:18.482" endtime="20210511 23:38:20.789"/>
</kw>
<doc>To test if pet is not connected to rightful owner</doc>
<tag>Test 2 To Validate pet is not connected to rightful owner</tag>
<status status="PASS" starttime="20210511 23:38:13.435" endtime="20210511 23:38:20.790"/>
</test>
<test id="s1-s11-t3" name="Testcase 3 Invalid Pet">
<kw name="Begin WebTest" library="PetclinicKeywords" type="SETUP">
<kw name="Open Browser" library="SeleniumLibrary">
<arg>about:blank</arg>
<arg>${BROWSER}</arg>
<doc>Opens a new browser instance to the optional ``url``.</doc>
<msg timestamp="20210511 23:38:20.794" level="INFO">Opening browser 'chrome' to base url 'about:blank'.</msg>
<status status="PASS" starttime="20210511 23:38:20.793" endtime="20210511 23:38:22.480"/>
</kw>
<kw name="Set Selenium Speed" library="SeleniumLibrary">
<arg>0.07</arg>
<doc>Sets the delay that is waited after each Selenium command.</doc>
<status status="PASS" starttime="20210511 23:38:22.480" endtime="20210511 23:38:22.481"/>
</kw>
<status status="PASS" starttime="20210511 23:38:20.792" endtime="20210511 23:38:22.481"/>
</kw>
<kw name="Given Go To Web Page" library="PetclinicKeywords">
<kw name="Load Page" library="PetclinicKeywords">
<kw name="Go To" library="SeleniumLibrary">
<arg>${URL}</arg>
<doc>Navigates the current browser window to the provided ``url``.</doc>
<msg timestamp="20210511 23:38:22.485" level="INFO">Opening url 'http://localhost:4200/'</msg>
<status status="PASS" starttime="20210511 23:38:22.484" endtime="20210511 23:38:23.171"/>
</kw>
<status status="PASS" starttime="20210511 23:38:22.483" endtime="20210511 23:38:23.171"/>
</kw>
<kw name="Verify Page Loaded" library="PetclinicKeywords">
<kw name="Get Text" library="SeleniumLibrary">
<var>${actualTerm}</var>
<arg>xpath:/html/body/app-root/app-welcome/h1</arg>
<doc>Returns the text value of the element identified by ``locator``.</doc>
<msg timestamp="20210511 23:38:23.357" level="INFO">${actualTerm} = Welcome to Petclinic</msg>
<status status="PASS" starttime="20210511 23:38:23.172" endtime="20210511 23:38:23.357"/>
</kw>
<kw name="Should Be Equal" library="BuiltIn">
<arg>${Welcome_Message}</arg>
<arg>${actualTerm}</arg>
<doc>Fails if the given objects are unequal.</doc>
<status status="PASS" starttime="20210511 23:38:23.357" endtime="20210511 23:38:23.358"/>
</kw>
<status status="PASS" starttime="20210511 23:38:23.171" endtime="20210511 23:38:23.358"/>
</kw>
<status status="PASS" starttime="20210511 23:38:22.482" endtime="20210511 23:38:23.358"/>
</kw>
<kw name="When All Owners" library="PetclinicKeywords">
<kw name="Click Element" library="SeleniumLibrary">
<arg>xpath:/html/body/app-root/div[1]/nav/div/ul/li[2]/a</arg>
<doc>Click the element identified by ``locator``.</doc>
<msg timestamp="20210511 23:38:23.360" level="INFO">Clicking element 'xpath:/html/body/app-root/div[1]/nav/div/ul/li[2]/a'.</msg>
<status status="PASS" starttime="20210511 23:38:23.360" endtime="20210511 23:38:23.572"/>
</kw>
<kw name="Click Element" library="SeleniumLibrary">
<arg>xpath:/html/body/app-root/div[1]/nav/div/ul/li[2]/ul/li[1]/a</arg>
<doc>Click the element identified by ``locator``.</doc>
<msg timestamp="20210511 23:38:23.572" level="INFO">Clicking element 'xpath:/html/body/app-root/div[1]/nav/div/ul/li[2]/ul/li[1]/a'.</msg>
<status status="PASS" starttime="20210511 23:38:23.572" endtime="20210511 23:38:23.837"/>
</kw>
<status status="PASS" starttime="20210511 23:38:23.359" endtime="20210511 23:38:23.838"/>
</kw>
<kw name="And Inspect on one owner and other's pet but click on same owner" library="PetclinicKeywords">
<kw name="Sleep" library="BuiltIn">
<arg>.5</arg>
<doc>Pauses the test executed for the given time.</doc>
<msg timestamp="20210511 23:38:24.341" level="INFO">Slept 500 milliseconds</msg>
<status status="PASS" starttime="20210511 23:38:23.840" endtime="20210511 23:38:24.341"/>
</kw>
<kw name="Get Text" library="SeleniumLibrary">
<var>${Expecting_Owner2}</var>
<arg>xpath:/html/body/app-root/app-owner-list/div/div/div/table/tbody/tr[9]/td[1]/a</arg>
<doc>Returns the text value of the element identified by ``locator``.</doc>
<msg timestamp="20210511 23:38:24.528" level="INFO">${Expecting_Owner2} = David Schroeder</msg>
<status status="PASS" starttime="20210511 23:38:24.341" endtime="20210511 23:38:24.528"/>
</kw>
<kw name="Get Text" library="SeleniumLibrary">
<var>${Expecting_Pet2}</var>
<arg>xpath:/html/body/app-root/app-owner-list/div/div/div/table/tbody/tr[5]/td[5]/tr</arg>
<doc>Returns the text value of the element identified by ``locator``.</doc>
<msg timestamp="20210511 23:38:24.715" level="INFO">${Expecting_Pet2} = George</msg>
<status status="PASS" starttime="20210511 23:38:24.528" endtime="20210511 23:38:24.715"/>
</kw>
<kw name="Click Element" library="SeleniumLibrary">
<arg>xpath:/html/body/app-root/app-owner-list/div/div/div/table/tbody/tr[4]/td[1]/a</arg>
<doc>Click the element identified by ``locator``.</doc>
<msg timestamp="20210511 23:38:24.716" level="INFO">Clicking element 'xpath:/html/body/app-root/app-owner-list/div/div/div/table/tbody/tr[4]/td[1]/a'.</msg>
<status status="PASS" starttime="20210511 23:38:24.715" endtime="20210511 23:38:24.949"/>
</kw>
<status status="PASS" starttime="20210511 23:38:23.839" endtime="20210511 23:38:24.949"/>
</kw>
<kw name="Then Verify selected Owner is not with rightful pet 2 or test case fails" library="PetclinicKeywords">
<kw name="Get Text" library="SeleniumLibrary">
<var>${Actual_Pet2}</var>
<arg>xpath:/html/body/app-root/app-owner-detail/div/div/table[2]/tr/app-pet-list/table/tr/td[1]/dl/dd[1]</arg>
<doc>Returns the text value of the element identified by ``locator``.</doc>
<msg timestamp="20210511 23:38:25.151" level="INFO">${Actual_Pet2} = Iggy</msg>
<status status="PASS" starttime="20210511 23:38:24.951" endtime="20210511 23:38:25.151"/>
</kw>
<kw name="Get Text" library="SeleniumLibrary">
<var>${Actual_Owner2}</var>
<arg>xpath:/html/body/app-root/app-owner-detail/div/div/table[1]/tr[1]/td/b</arg>
<doc>Returns the text value of the element identified by ``locator``.</doc>
<msg timestamp="20210511 23:38:25.338" level="INFO">${Actual_Owner2} = Harold Davis</msg>
<status status="PASS" starttime="20210511 23:38:25.151" endtime="20210511 23:38:25.339"/>
</kw>
<kw name="Should Not Be Equal" library="BuiltIn">
<arg>${Expecting_Owner2}${Expecting_Pet2}</arg>
<arg>${Actual_Owner2} ${Actual_Pet2}</arg>
<doc>Fails if the given objects are equal.</doc>
<status status="PASS" starttime="20210511 23:38:25.339" endtime="20210511 23:38:25.339"/>
</kw>
<kw name="Sleep" library="BuiltIn">
<arg>.5</arg>
<doc>Pauses the test executed for the given time.</doc>
<msg timestamp="20210511 23:38:25.849" level="INFO">Slept 500 milliseconds</msg>
<status status="PASS" starttime="20210511 23:38:25.340" endtime="20210511 23:38:25.849"/>
</kw>
<status status="PASS" starttime="20210511 23:38:24.950" endtime="20210511 23:38:25.850"/>
</kw>
<kw name="End Web Test" library="PetclinicKeywords" type="TEARDOWN">
<kw name="Close Browser" library="SeleniumLibrary">
<doc>Closes the current browser.</doc>
<status status="PASS" starttime="20210511 23:38:25.851" endtime="20210511 23:38:28.177"/>
</kw>
<status status="PASS" starttime="20210511 23:38:25.851" endtime="20210511 23:38:28.177"/>
</kw>
<doc>To test if pet is not connected to rightful owner</doc>
<tag>Test 3 To Validate pet is not connected to rightful owner</tag>
<status status="PASS" starttime="20210511 23:38:20.791" endtime="20210511 23:38:28.179"/>
</test>
<test id="s1-s11-t4" name="Testcase 4 Validate if pet(2 pets) are connected to the rightful owner">
<kw name="Begin WebTest" library="PetclinicKeywords" type="SETUP">
<kw name="Open Browser" library="SeleniumLibrary">
<arg>about:blank</arg>
<arg>${BROWSER}</arg>
<doc>Opens a new browser instance to the optional ``url``.</doc>
<msg timestamp="20210511 23:38:28.183" level="INFO">Opening browser 'chrome' to base url 'about:blank'.</msg>
<status status="PASS" starttime="20210511 23:38:28.183" endtime="20210511 23:38:29.981"/>
</kw>
<kw name="Set Selenium Speed" library="SeleniumLibrary">
<arg>0.07</arg>
<doc>Sets the delay that is waited after each Selenium command.</doc>
<status status="PASS" starttime="20210511 23:38:29.982" endtime="20210511 23:38:29.983"/>
</kw>
<status status="PASS" starttime="20210511 23:38:28.182" endtime="20210511 23:38:29.984"/>
</kw>
<kw name="Given Go To Web Page" library="PetclinicKeywords">
<kw name="Load Page" library="PetclinicKeywords">
<kw name="Go To" library="SeleniumLibrary">
<arg>${URL}</arg>
<doc>Navigates the current browser window to the provided ``url``.</doc>
<msg timestamp="20210511 23:38:29.988" level="INFO">Opening url 'http://localhost:4200/'</msg>
<status status="PASS" starttime="20210511 23:38:29.988" endtime="20210511 23:38:30.916"/>
</kw>
<status status="PASS" starttime="20210511 23:38:29.987" endtime="20210511 23:38:30.916"/>
</kw>
<kw name="Verify Page Loaded" library="PetclinicKeywords">
<kw name="Get Text" library="SeleniumLibrary">
<var>${actualTerm}</var>
<arg>xpath:/html/body/app-root/app-welcome/h1</arg>
<doc>Returns the text value of the element identified by ``locator``.</doc>
<msg timestamp="20210511 23:38:31.135" level="INFO">${actualTerm} = Welcome to Petclinic</msg>
<status status="PASS" starttime="20210511 23:38:30.917" endtime="20210511 23:38:31.135"/>
</kw>
<kw name="Should Be Equal" library="BuiltIn">
<arg>${Welcome_Message}</arg>
<arg>${actualTerm}</arg>
<doc>Fails if the given objects are unequal.</doc>
<status status="PASS" starttime="20210511 23:38:31.135" endtime="20210511 23:38:31.136"/>
</kw>
<status status="PASS" starttime="20210511 23:38:30.916" endtime="20210511 23:38:31.137"/>
</kw>
<status status="PASS" starttime="20210511 23:38:29.986" endtime="20210511 23:38:31.137"/>
</kw>
<kw name="When All Owners" library="PetclinicKeywords">
<kw name="Click Element" library="SeleniumLibrary">
<arg>xpath:/html/body/app-root/div[1]/nav/div/ul/li[2]/a</arg>
<doc>Click the element identified by ``locator``.</doc>
<msg timestamp="20210511 23:38:31.140" level="INFO">Clicking element 'xpath:/html/body/app-root/div[1]/nav/div/ul/li[2]/a'.</msg>
<status status="PASS" starttime="20210511 23:38:31.140" endtime="20210511 23:38:31.386"/>
</kw>
<kw name="Click Element" library="SeleniumLibrary">
<arg>xpath:/html/body/app-root/div[1]/nav/div/ul/li[2]/ul/li[1]/a</arg>
<doc>Click the element identified by ``locator``.</doc>
<msg timestamp="20210511 23:38:31.387" level="INFO">Clicking element 'xpath:/html/body/app-root/div[1]/nav/div/ul/li[2]/ul/li[1]/a'.</msg>
<status status="PASS" starttime="20210511 23:38:31.386" endtime="20210511 23:38:31.665"/>
</kw>
<status status="PASS" starttime="20210511 23:38:31.139" endtime="20210511 23:38:31.666"/>
</kw>
<kw name="And Select an owner with 2 pets" library="PetclinicKeywords">
<kw name="Get Text" library="SeleniumLibrary">
<var>${Expecting_Owner3}</var>
<arg>xpath:/html/body/app-root/app-owner-list/div/div/div/table/tbody/tr[3]/td[1]/a</arg>
<doc>Returns the text value of the element identified by ``locator``.</doc>
<msg timestamp="20210511 23:38:31.869" level="INFO">${Expecting_Owner3} = Eduardo Rodriquez</msg>
<status status="PASS" starttime="20210511 23:38:31.667" endtime="20210511 23:38:31.869"/>
</kw>
<kw name="Get Text" library="SeleniumLibrary">
<var>${Expecting_PetA}</var>
<arg>xpath:/html/body/app-root/app-owner-list/div/div/div/table/tbody/tr[3]/td[5]/tr[1]</arg>
<doc>Returns the text value of the element identified by ``locator``.</doc>
<msg timestamp="20210511 23:38:32.056" level="INFO">${Expecting_PetA} = Jewel</msg>
<status status="PASS" starttime="20210511 23:38:31.869" endtime="20210511 23:38:32.056"/>
</kw>
<kw name="Get Text" library="SeleniumLibrary">
<var>${Expecting_PetB}</var>
<arg>xpath:/html/body/app-root/app-owner-list/div/div/div/table/tbody/tr[3]/td[5]/tr[2]</arg>
<doc>Returns the text value of the element identified by ``locator``.</doc>
<msg timestamp="20210511 23:38:32.243" level="INFO">${Expecting_PetB} = Rosy</msg>
<status status="PASS" starttime="20210511 23:38:32.056" endtime="20210511 23:38:32.243"/>
</kw>
<kw name="Click Element" library="SeleniumLibrary">
<arg>xpath:/html/body/app-root/app-owner-list/div/div/div/table/tbody/tr[3]/td[1]/a</arg>
<doc>Click the element identified by ``locator``.</doc>
<msg timestamp="20210511 23:38:32.244" level="INFO">Clicking element 'xpath:/html/body/app-root/app-owner-list/div/div/div/table/tbody/tr[3]/td[1]/a'.</msg>
<status status="PASS" starttime="20210511 23:38:32.243" endtime="20210511 23:38:32.538"/>
</kw>
<status status="PASS" starttime="20210511 23:38:31.667" endtime="20210511 23:38:32.538"/>
</kw>
<kw name="Then Verify whether selected Owner is with rightful pet(2 pets)" library="PetclinicKeywords">
<kw name="Get Text" library="SeleniumLibrary">
<var>${Actual_PetA}</var>
<arg>xpath:/html/body/app-root/app-owner-detail/div/div/table[2]/tr/app-pet-list[1]/table/tr/td[1]/dl/dd[1]</arg>
<doc>Returns the text value of the element identified by ``locator``.</doc>
<msg timestamp="20210511 23:38:32.740" level="INFO">${Actual_PetA} = Jewel</msg>
<status status="PASS" starttime="20210511 23:38:32.540" endtime="20210511 23:38:32.740"/>
</kw>
<kw name="Get Text" library="SeleniumLibrary">
<var>${Actual_PetB}</var>
<arg>xpath:/html/body/app-root/app-owner-detail/div/div/table[2]/tr/app-pet-list[2]/table/tr/td[1]/dl/dd[1]</arg>
<doc>Returns the text value of the element identified by ``locator``.</doc>
<msg timestamp="20210511 23:38:32.928" level="INFO">${Actual_PetB} = Rosy</msg>
<status status="PASS" starttime="20210511 23:38:32.740" endtime="20210511 23:38:32.928"/>
</kw>
<kw name="Get Text" library="SeleniumLibrary">
<var>${Actual_Owner3}</var>
<arg>xpath:/html/body/app-root/app-owner-detail/div/div/table[1]/tr[1]/td/b</arg>
<doc>Returns the text value of the element identified by ``locator``.</doc>
<msg timestamp="20210511 23:38:33.115" level="INFO">${Actual_Owner3} = Eduardo Rodriquez</msg>
<status status="PASS" starttime="20210511 23:38:32.928" endtime="20210511 23:38:33.115"/>
</kw>
<kw name="Should Be Equal" library="BuiltIn">
<arg>${Expecting_Owner3}${Expecting_PetA}${Expecting_PetB}</arg>
<arg>${Actual_Owner3}${Actual_PetA}${Actual_PetB}</arg>
<doc>Fails if the given objects are unequal.</doc>
<status status="PASS" starttime="20210511 23:38:33.115" endtime="20210511 23:38:33.116"/>
</kw>
<kw name="Sleep" library="BuiltIn">
<arg>.5</arg>
<doc>Pauses the test executed for the given time.</doc>
<msg timestamp="20210511 23:38:33.632" level="INFO">Slept 500 milliseconds</msg>
<status status="PASS" starttime="20210511 23:38:33.116" endtime="20210511 23:38:33.632"/>
</kw>
<status status="PASS" starttime="20210511 23:38:32.539" endtime="20210511 23:38:33.632"/>
</kw>
<kw name="End Web Test" library="PetclinicKeywords" type="TEARDOWN">
<kw name="Close Browser" library="SeleniumLibrary">
<doc>Closes the current browser.</doc>
<status status="PASS" starttime="20210511 23:38:33.633" endtime="20210511 23:38:35.976"/>
</kw>
<status status="PASS" starttime="20210511 23:38:33.633" endtime="20210511 23:38:35.976"/>
</kw>
<doc>To test if pets are connected to rightful owner</doc>
<tag>Test 4 To Validate pets are connected to rightful owner</tag>
<status status="PASS" starttime="20210511 23:38:28.181" endtime="20210511 23:38:35.979"/>
</test>
<doc>This is some basic info about the whole test suite</doc>
<status status="PASS" starttime="20210511 23:38:06.388" endtime="20210511 23:38:35.981"/>
</suite>
<status status="PASS" starttime="20210511 23:33:32.293" endtime="20210511 23:38:35.988"/>
</suite>
<statistics>
<total>
<stat pass="30" fail="0" skip="0">All Tests</stat>
</total>
<tag>
<stat pass="3" fail="0" skip="0">Add</stat>
<stat pass="1" fail="0" skip="0">AddNewVet_test</stat>
<stat pass="1" fail="0" skip="0">AddVetPage_test</stat>
<stat pass="1" fail="0" skip="0">Back To Home From AddNew Page</stat>
<stat pass="1" fail="0" skip="0">Back To Home From Edit Vet Page</stat>
<stat pass="1" fail="0" skip="0">Back To Home From Veternians</stat>
<stat pass="1" fail="0" skip="0">Click Home Button On Edit Specialities page should contain element</stat>
<stat pass="1" fail="0" skip="0">Click Home Button On Specialities page should contain element</stat>
<stat pass="2" fail="0" skip="0">Delete Pet Visit</stat>
<stat pass="1" fail="0" skip="0">Editing A Owner and verifying</stat>
<stat pass="1" fail="0" skip="0">Editing A Pet Type</stat>
<stat pass="1" fail="0" skip="0">Editing With Alphabets and Erorr Message Should Come</stat>
<stat pass="1" fail="0" skip="0">EditPage_test</stat>
<stat pass="1" fail="0" skip="0">EditPet_test</stat>
<stat pass="1" fail="0" skip="0">Empty Detail Box and Erorr Message Should Come</stat>
<stat pass="2" fail="0" skip="0">Pet Type</stat>
<stat pass="1" fail="0" skip="0">Same PetType Name For Multiles Times</stat>
<stat pass="1" fail="0" skip="0">Test 1 To Validate pet is connected to rightful owner</stat>
<stat pass="1" fail="0" skip="0">Test 2 To Validate pet is not connected to rightful owner</stat>
<stat pass="1" fail="0" skip="0">Test 2 Variables for input text</stat>
<stat pass="1" fail="0" skip="0">Test 3 Add same owner</stat>
<stat pass="1" fail="0" skip="0">Test 3 To Validate pet is not connected to rightful owner</stat>
<stat pass="1" fail="0" skip="0">Test 4 special signs</stat>
<stat pass="1" fail="0" skip="0">Test 4 To Validate pets are connected to rightful owner</stat>
<stat pass="1" fail="0" skip="0">Testing adding a newpet and verifying</stat>
<stat pass="1" fail="0" skip="0">Testing adding a newpet and verifying With Diffrent Owner</stat>
<stat pass="1" fail="0" skip="0">Testing adding Multiple Pets and verifying</stat>
<stat pass="1" fail="0" skip="0">Testing Deletiing Pet and verifying</stat>
</tag>
<suite>
<stat pass="30" fail="0" skip="0" id="s1" name="Tests">Tests</stat>
<stat pass="4" fail="0" skip="0" id="s1-s1" name="PetClinicAddOwner">Tests.PetClinicAddOwner</stat>
<stat pass="4" fail="0" skip="0" id="s1-s2" name="PetClinicAddPet">Tests.PetClinicAddPet</stat>
<stat pass="2" fail="0" skip="0" id="s1-s3" name="PetClinicAddPetType">Tests.PetClinicAddPetType</stat>
<stat pass="2" fail="0" skip="0" id="s1-s4" name="PetClinicAddVet">Tests.PetClinicAddVet</stat>
<stat pass="3" fail="0" skip="0" id="s1-s5" name="PetClinicEditAnOwner">Tests.PetClinicEditAnOwner</stat>
<stat pass="2" fail="0" skip="0" id="s1-s6" name="PetClinicEditPet">Tests.PetClinicEditPet</stat>
<stat pass="2" fail="0" skip="0" id="s1-s7" name="PetClinicEditPetType">Tests.PetClinicEditPetType</stat>
<stat pass="3" fail="0" skip="0" id="s1-s8" name="PetClinicHomeButtonFromVeternians">Tests.PetClinicHomeButtonFromVeternians</stat>
<stat pass="2" fail="0" skip="0" id="s1-s9" name="PetClinicHomeButtonSpecialty">Tests.PetClinicHomeButtonSpecialty</stat>
<stat pass="2" fail="0" skip="0" id="s1-s10" name="PetClinicRemoveVisit">Tests.PetClinicRemoveVisit</stat>
<stat pass="4" fail="0" skip="0" id="s1-s11" name="PetClinicRightfulPetAndOwner">Tests.PetClinicRightfulPetAndOwner</stat>
</suite>
</statistics>
<errors>
</errors>
</robot>
