<?xml version="1.0" encoding="UTF-8"?>
<robot generator="Robot 3.2.2 (Python 3.9.2 on win32)" generated="20210506 22:40:06.883" rpa="false">
<suite id="s1" name="Pettypesvisitcomplete" source="C:\Projects\PetClinic\spring-petclinic-angular\src\test\automation\Tests\Pettypesvisitcomplete.robot">
<test id="s1-t1" name="Adding a pet visit">
<kw name="Begin WebTest" type="setup">
<kw name="Open Browser" library="SeleniumLibrary">
<doc>Opens a new browser instance to the optional ``url``.</doc>
<arguments>
<arg>about:blank</arg>
<arg>chrome</arg>
</arguments>
<msg timestamp="20210506 22:40:07.180" level="INFO">Opening browser 'chrome' to base url 'about:blank'.</msg>
<status status="PASS" starttime="20210506 22:40:07.180" endtime="20210506 22:40:08.581"></status>
</kw>
<kw name="Maximize Browser Window" library="SeleniumLibrary">
<doc>Maximizes current browser window.</doc>
<status status="PASS" starttime="20210506 22:40:08.581" endtime="20210506 22:40:08.701"></status>
</kw>
<kw name="Set Selenium Speed" library="SeleniumLibrary">
<doc>Sets the delay that is waited after each Selenium command.</doc>
<arguments>
<arg>.5</arg>
</arguments>
<status status="PASS" starttime="20210506 22:40:08.702" endtime="20210506 22:40:08.702"></status>
</kw>
<status status="PASS" starttime="20210506 22:40:07.179" endtime="20210506 22:40:08.702"></status>
</kw>
<kw name="Given Go To Web Page">
<kw name="Load Page">
<kw name="Go To" library="SeleniumLibrary">
<doc>Navigates the current browser window to the provided ``url``.</doc>
<arguments>
<arg>${URL}</arg>
</arguments>
<msg timestamp="20210506 22:40:08.704" level="INFO">Opening url 'http://localhost:4200/'</msg>
<status status="PASS" starttime="20210506 22:40:08.703" endtime="20210506 22:40:09.766"></status>
</kw>
<status status="PASS" starttime="20210506 22:40:08.703" endtime="20210506 22:40:09.766"></status>
</kw>
<kw name="Verify Page Loaded">
<kw name="Get Text" library="SeleniumLibrary">
<doc>Returns the text value of the element identified by ``locator``.</doc>
<arguments>
<arg>xpath:/html/body/app-root/app-welcome/h1</arg>
</arguments>
<assign>
<var>${actualTerm}</var>
</assign>
<msg timestamp="20210506 22:40:10.809" level="INFO">${actualTerm} = Welcome to Petclinic</msg>
<status status="PASS" starttime="20210506 22:40:09.767" endtime="20210506 22:40:10.810"></status>
</kw>
<kw name="Should Be Equal" library="BuiltIn">
<doc>Fails if the given objects are unequal.</doc>
<arguments>
<arg>${Welcome_Message}</arg>
<arg>${actualTerm}</arg>
</arguments>
<status status="PASS" starttime="20210506 22:40:10.810" endtime="20210506 22:40:10.811"></status>
</kw>
<status status="PASS" starttime="20210506 22:40:09.766" endtime="20210506 22:40:10.811"></status>
</kw>
<status status="PASS" starttime="20210506 22:40:08.703" endtime="20210506 22:40:10.812"></status>
</kw>
<kw name="When All Owners">
<kw name="Click Element" library="SeleniumLibrary">
<doc>Click the element identified by ``locator``.</doc>
<arguments>
<arg>xpath:/html/body/app-root/div[1]/nav/div/ul/li[2]/a</arg>
</arguments>
<msg timestamp="20210506 22:40:10.814" level="INFO">Clicking element 'xpath:/html/body/app-root/div[1]/nav/div/ul/li[2]/a'.</msg>
<status status="PASS" starttime="20210506 22:40:10.814" endtime="20210506 22:40:11.913"></status>
</kw>
<kw name="Click Element" library="SeleniumLibrary">
<doc>Click the element identified by ``locator``.</doc>
<arguments>
<arg>xpath:/html/body/app-root/div[1]/nav/div/ul/li[2]/ul/li[1]/a</arg>
</arguments>
<msg timestamp="20210506 22:40:11.915" level="INFO">Clicking element 'xpath:/html/body/app-root/div[1]/nav/div/ul/li[2]/ul/li[1]/a'.</msg>
<status status="PASS" starttime="20210506 22:40:11.914" endtime="20210506 22:40:13.085"></status>
</kw>
<status status="PASS" starttime="20210506 22:40:10.813" endtime="20210506 22:40:13.085"></status>
</kw>
<kw name="And Select A Owner From The List">
<kw name="Set Selenium Speed" library="SeleniumLibrary">
<doc>Sets the delay that is waited after each Selenium command.</doc>
<arguments>
<arg>.25</arg>
</arguments>
<status status="PASS" starttime="20210506 22:40:13.086" endtime="20210506 22:40:13.086"></status>
</kw>
<kw name="Click Element" library="SeleniumLibrary">
<doc>Click the element identified by ``locator``.</doc>
<arguments>
<arg>xpath:/html/body/app-root/app-owner-list/div/div/div/table/tbody/tr[2]/td[1]/a</arg>
</arguments>
<msg timestamp="20210506 22:40:13.087" level="INFO">Clicking element 'xpath:/html/body/app-root/app-owner-list/div/div/div/table/tbody/tr[2]/td[1]/a'.</msg>
<status status="PASS" starttime="20210506 22:40:13.087" endtime="20210506 22:40:13.684"></status>
</kw>
<kw name="Set Selenium Speed" library="SeleniumLibrary">
<doc>Sets the delay that is waited after each Selenium command.</doc>
<arguments>
<arg>.25</arg>
</arguments>
<status status="PASS" starttime="20210506 22:40:13.684" endtime="20210506 22:40:13.684"></status>
</kw>
<kw name="Wait Until Page Contains" library="SeleniumLibrary">
<doc>Waits until ``text`` appears on the current page.</doc>
<arguments>
<arg>Betty Davis</arg>
</arguments>
<status status="PASS" starttime="20210506 22:40:13.685" endtime="20210506 22:40:13.956"></status>
</kw>
<status status="PASS" starttime="20210506 22:40:13.086" endtime="20210506 22:40:13.956"></status>
</kw>
<kw name="And AddVisit Button or Add Pet visit in the owners info page">
<kw name="Click Button" library="SeleniumLibrary">
<doc>Clicks the button identified by ``locator``.</doc>
<arguments>
<arg>xpath:/html/body/app-root/app-owner-detail/div/div/table[2]/tr/app-pet-list/table/tr/td[1]/dl/button[3]</arg>
</arguments>
<msg timestamp="20210506 22:40:13.957" level="INFO">Clicking button 'xpath:/html/body/app-root/app-owner-detail/div/div/table[2]/tr/app-pet-list/table/tr/td[1]/dl/button[3]'.</msg>
<status status="PASS" starttime="20210506 22:40:13.957" endtime="20210506 22:40:15.367"></status>
</kw>
<kw name="Wait Until Page Contains" library="SeleniumLibrary">
<doc>Waits until ``text`` appears on the current page.</doc>
<arguments>
<arg>New Visit</arg>
</arguments>
<status status="PASS" starttime="20210506 22:40:15.367" endtime="20210506 22:40:15.634"></status>
</kw>
<status status="PASS" starttime="20210506 22:40:13.957" endtime="20210506 22:40:15.634"></status>
</kw>
<kw name="And Pet Visit Details">
<arguments>
<arg>${Pet_Visit_Date_1}</arg>
<arg>${Pet_Visit_Description_1}</arg>
</arguments>
<kw name="Visit Date">
<arguments>
<arg>${Pet_VisitDate}</arg>
</arguments>
<kw name="Input Text" library="SeleniumLibrary">
<doc>Types the given ``text`` into the text field identified by ``locator``.</doc>
<arguments>
<arg>xpath://*[@id="visit"]/div[1]/div[1]/div/input</arg>
<arg>${Pet_VisitDate}</arg>
</arguments>
<msg timestamp="20210506 22:40:15.636" level="INFO">Typing text '2021/05/11' into text field 'xpath://*[@id="visit"]/div[1]/div[1]/div/input'.</msg>
<status status="PASS" starttime="20210506 22:40:15.636" endtime="20210506 22:40:16.533"></status>
</kw>
<status status="PASS" starttime="20210506 22:40:15.635" endtime="20210506 22:40:16.533"></status>
</kw>
<kw name="Description">
<arguments>
<arg>${PetVisit_Description}</arg>
</arguments>
<kw name="Input Text" library="SeleniumLibrary">
<doc>Types the given ``text`` into the text field identified by ``locator``.</doc>
<arguments>
<arg>xpath://*[@id="description"]</arg>
<arg>${PetVisit_Description}</arg>
</arguments>
<msg timestamp="20210506 22:40:16.534" level="INFO">Typing text 'Dental' into text field 'xpath://*[@id="description"]'.</msg>
<status status="PASS" starttime="20210506 22:40:16.534" endtime="20210506 22:40:17.416"></status>
</kw>
<kw name="Click Button" library="SeleniumLibrary">
<doc>Clicks the button identified by ``locator``.</doc>
<arguments>
<arg>xpath://*[@id="visit"]/div[2]/div/button[2]</arg>
</arguments>
<msg timestamp="20210506 22:40:17.416" level="INFO">Clicking button 'xpath://*[@id="visit"]/div[2]/div/button[2]'.</msg>
<status status="PASS" starttime="20210506 22:40:17.416" endtime="20210506 22:40:18.817"></status>
</kw>
<status status="PASS" starttime="20210506 22:40:16.533" endtime="20210506 22:40:18.818"></status>
</kw>
<kw name="Set Selenium Speed" library="SeleniumLibrary">
<doc>Sets the delay that is waited after each Selenium command.</doc>
<arguments>
<arg>.5</arg>
</arguments>
<status status="PASS" starttime="20210506 22:40:18.819" endtime="20210506 22:40:18.819"></status>
</kw>
<status status="PASS" starttime="20210506 22:40:15.635" endtime="20210506 22:40:18.820"></status>
</kw>
<kw name="And Verify Visit Added To A Pet">
<kw name="Sleep" library="BuiltIn">
<doc>Pauses the test executed for the given time.</doc>
<arguments>
<arg>0.5 s</arg>
</arguments>
<msg timestamp="20210506 22:40:19.330" level="INFO">Slept 500 milliseconds</msg>
<status status="PASS" starttime="20210506 22:40:18.823" endtime="20210506 22:40:19.331"></status>
</kw>
<kw name="Get Text" library="SeleniumLibrary">
<doc>Returns the text value of the element identified by ``locator``.</doc>
<arguments>
<arg>xpath:/html/body/app-root/app-owner-detail/div/div/table[2]/tr/app-pet-list/table/tr/td[2]/app-visit-list/table/tr/td[1]</arg>
</arguments>
<assign>
<var>${Verify_Pet_Visit_Date_Added}</var>
</assign>
<msg timestamp="20210506 22:40:20.423" level="INFO">${Verify_Pet_Visit_Date_Added} = 2021/05/11</msg>
<status status="PASS" starttime="20210506 22:40:19.331" endtime="20210506 22:40:20.424"></status>
</kw>
<kw name="Get Text" library="SeleniumLibrary">
<doc>Returns the text value of the element identified by ``locator``.</doc>
<arguments>
<arg>xpath:/html/body/app-root/app-owner-detail/div/div/table[2]/tr/app-pet-list/table/tr/td[2]/app-visit-list/table/tr/td[2]</arg>
</arguments>
<assign>
<var>${Verify_Pet_Visit_Description_Added}</var>
</assign>
<msg timestamp="20210506 22:40:21.483" level="INFO">${Verify_Pet_Visit_Description_Added} = Dental</msg>
<status status="PASS" starttime="20210506 22:40:20.424" endtime="20210506 22:40:21.484"></status>
</kw>
<kw name="Sleep" library="BuiltIn">
<doc>Pauses the test executed for the given time.</doc>
<arguments>
<arg>0.5 s</arg>
</arguments>
<msg timestamp="20210506 22:40:21.996" level="INFO">Slept 500 milliseconds</msg>
<status status="PASS" starttime="20210506 22:40:21.484" endtime="20210506 22:40:21.996"></status>
</kw>
<kw name="Table Should Contain" library="SeleniumLibrary">
<doc>Verifies table contains text ``expected``.</doc>
<arguments>
<arg>xpath:/html/body/app-root/app-owner-detail/div/div/table[2]/tr/app-pet-list/table/tr/td[2]/app-visit-list/table</arg>
<arg>${Verify_Pet_Visit_Date_Added}</arg>
<arg>${Verify_Pet_Visit_Description_Added}</arg>
</arguments>
<status status="PASS" starttime="20210506 22:40:21.997" endtime="20210506 22:40:29.437"></status>
</kw>
<status status="PASS" starttime="20210506 22:40:18.821" endtime="20210506 22:40:29.438"></status>
</kw>
<kw name="Then Teardown Add Pet Visit">
<kw name="Click Button" library="SeleniumLibrary">
<doc>Clicks the button identified by ``locator``.</doc>
<arguments>
<arg>xpath:/html/body/app-root/app-owner-detail/div/div/table[2]/tr/app-pet-list/table/tr/td[2]/app-visit-list/table/tr/td[3]/button[2]</arg>
</arguments>
<msg timestamp="20210506 22:40:29.440" level="INFO">Clicking button 'xpath:/html/body/app-root/app-owner-detail/div/div/table[2]/tr/app-pet-list/table/tr/td[2]/app-visit-list/table/tr/td[3]/button[2]'.</msg>
<status status="PASS" starttime="20210506 22:40:29.440" endtime="20210506 22:40:32.115"></status>
</kw>
<kw name="Sleep" library="BuiltIn">
<doc>Pauses the test executed for the given time.</doc>
<arguments>
<arg>0.1 s</arg>
</arguments>
<msg timestamp="20210506 22:40:32.222" level="INFO">Slept 100 milliseconds</msg>
<status status="PASS" starttime="20210506 22:40:32.116" endtime="20210506 22:40:32.223"></status>
</kw>
<kw name="Page Should Not Contain Element" library="SeleniumLibrary">
<doc>Verifies that element ``locator`` is not found on the current page.</doc>
<arguments>
<arg>${Row_Path1}</arg>
</arguments>
<msg timestamp="20210506 22:40:32.767" level="INFO">Current page does not contain element 'xpath:/html/body/app-root/app-owner-detail/div/div/table[2]/tr/app-pet-list/table/tr/td[2]/app-visit-list/table/tr'.</msg>
<status status="PASS" starttime="20210506 22:40:32.223" endtime="20210506 22:40:32.767"></status>
</kw>
<status status="PASS" starttime="20210506 22:40:29.439" endtime="20210506 22:40:32.768"></status>
</kw>
<kw name="End Web Test" library="PetKeywords" type="teardown">
<kw name="Close Browser" library="SeleniumLibrary">
<doc>Closes the current browser.</doc>
<status status="PASS" starttime="20210506 22:40:32.772" endtime="20210506 22:40:35.437"></status>
</kw>
<status status="PASS" starttime="20210506 22:40:32.770" endtime="20210506 22:40:35.438"></status>
</kw>
<doc>Adding a petvisit and verifying</doc>
<tags>
<tag>Testing adding a petvisit and verifying</tag>
</tags>
<status status="PASS" starttime="20210506 22:40:07.178" endtime="20210506 22:40:35.440" critical="yes"></status>
</test>
<test id="s1-t2" name="Add multiple petvisits to one pet">
<kw name="Begin WebTest" type="setup">
<kw name="Open Browser" library="SeleniumLibrary">
<doc>Opens a new browser instance to the optional ``url``.</doc>
<arguments>
<arg>about:blank</arg>
<arg>chrome</arg>
</arguments>
<msg timestamp="20210506 22:40:35.448" level="INFO">Opening browser 'chrome' to base url 'about:blank'.</msg>
<status status="PASS" starttime="20210506 22:40:35.447" endtime="20210506 22:40:37.377"></status>
</kw>
<kw name="Maximize Browser Window" library="SeleniumLibrary">
<doc>Maximizes current browser window.</doc>
<status status="PASS" starttime="20210506 22:40:37.377" endtime="20210506 22:40:38.008"></status>
</kw>
<kw name="Set Selenium Speed" library="SeleniumLibrary">
<doc>Sets the delay that is waited after each Selenium command.</doc>
<arguments>
<arg>.5</arg>
</arguments>
<status status="PASS" starttime="20210506 22:40:38.008" endtime="20210506 22:40:38.009"></status>
</kw>
<status status="PASS" starttime="20210506 22:40:35.446" endtime="20210506 22:40:38.009"></status>
</kw>
<kw name="Given Go To Web Page">
<kw name="Load Page">
<kw name="Go To" library="SeleniumLibrary">
<doc>Navigates the current browser window to the provided ``url``.</doc>
<arguments>
<arg>${URL}</arg>
</arguments>
<msg timestamp="20210506 22:40:38.012" level="INFO">Opening url 'http://localhost:4200/'</msg>
<status status="PASS" starttime="20210506 22:40:38.012" endtime="20210506 22:40:38.963"></status>
</kw>
<status status="PASS" starttime="20210506 22:40:38.011" endtime="20210506 22:40:38.964"></status>
</kw>
<kw name="Verify Page Loaded">
<kw name="Get Text" library="SeleniumLibrary">
<doc>Returns the text value of the element identified by ``locator``.</doc>
<arguments>
<arg>xpath:/html/body/app-root/app-welcome/h1</arg>
</arguments>
<assign>
<var>${actualTerm}</var>
</assign>
<msg timestamp="20210506 22:40:40.041" level="INFO">${actualTerm} = Welcome to Petclinic</msg>
<status status="PASS" starttime="20210506 22:40:38.965" endtime="20210506 22:40:40.041"></status>
</kw>
<kw name="Should Be Equal" library="BuiltIn">
<doc>Fails if the given objects are unequal.</doc>
<arguments>
<arg>${Welcome_Message}</arg>
<arg>${actualTerm}</arg>
</arguments>
<status status="PASS" starttime="20210506 22:40:40.042" endtime="20210506 22:40:40.042"></status>
</kw>
<status status="PASS" starttime="20210506 22:40:38.964" endtime="20210506 22:40:40.042"></status>
</kw>
<status status="PASS" starttime="20210506 22:40:38.010" endtime="20210506 22:40:40.042"></status>
</kw>
<kw name="When All Owners">
<kw name="Click Element" library="SeleniumLibrary">
<doc>Click the element identified by ``locator``.</doc>
<arguments>
<arg>xpath:/html/body/app-root/div[1]/nav/div/ul/li[2]/a</arg>
</arguments>
<msg timestamp="20210506 22:40:40.044" level="INFO">Clicking element 'xpath:/html/body/app-root/div[1]/nav/div/ul/li[2]/a'.</msg>
<status status="PASS" starttime="20210506 22:40:40.044" endtime="20210506 22:40:41.134"></status>
</kw>
<kw name="Click Element" library="SeleniumLibrary">
<doc>Click the element identified by ``locator``.</doc>
<arguments>
<arg>xpath:/html/body/app-root/div[1]/nav/div/ul/li[2]/ul/li[1]/a</arg>
</arguments>
<msg timestamp="20210506 22:40:41.137" level="INFO">Clicking element 'xpath:/html/body/app-root/div[1]/nav/div/ul/li[2]/ul/li[1]/a'.</msg>
<status status="PASS" starttime="20210506 22:40:41.135" endtime="20210506 22:40:42.263"></status>
</kw>
<status status="PASS" starttime="20210506 22:40:40.043" endtime="20210506 22:40:42.264"></status>
</kw>
<kw name="And Select A Owner From The List">
<kw name="Set Selenium Speed" library="SeleniumLibrary">
<doc>Sets the delay that is waited after each Selenium command.</doc>
<arguments>
<arg>.25</arg>
</arguments>
<status status="PASS" starttime="20210506 22:40:42.266" endtime="20210506 22:40:42.267"></status>
</kw>
<kw name="Click Element" library="SeleniumLibrary">
<doc>Click the element identified by ``locator``.</doc>
<arguments>
<arg>xpath:/html/body/app-root/app-owner-list/div/div/div/table/tbody/tr[2]/td[1]/a</arg>
</arguments>
<msg timestamp="20210506 22:40:42.268" level="INFO">Clicking element 'xpath:/html/body/app-root/app-owner-list/div/div/div/table/tbody/tr[2]/td[1]/a'.</msg>
<status status="PASS" starttime="20210506 22:40:42.267" endtime="20210506 22:40:42.906"></status>
</kw>
<kw name="Set Selenium Speed" library="SeleniumLibrary">
<doc>Sets the delay that is waited after each Selenium command.</doc>
<arguments>
<arg>.25</arg>
</arguments>
<status status="PASS" starttime="20210506 22:40:42.907" endtime="20210506 22:40:42.908"></status>
</kw>
<kw name="Wait Until Page Contains" library="SeleniumLibrary">
<doc>Waits until ``text`` appears on the current page.</doc>
<arguments>
<arg>Betty Davis</arg>
</arguments>
<status status="PASS" starttime="20210506 22:40:42.909" endtime="20210506 22:40:43.203"></status>
</kw>
<status status="PASS" starttime="20210506 22:40:42.265" endtime="20210506 22:40:43.204"></status>
</kw>
<kw name="And AddVisit Button or Add Pet visit in the owners info page">
<kw name="Click Button" library="SeleniumLibrary">
<doc>Clicks the button identified by ``locator``.</doc>
<arguments>
<arg>xpath:/html/body/app-root/app-owner-detail/div/div/table[2]/tr/app-pet-list/table/tr/td[1]/dl/button[3]</arg>
</arguments>
<msg timestamp="20210506 22:40:43.208" level="INFO">Clicking button 'xpath:/html/body/app-root/app-owner-detail/div/div/table[2]/tr/app-pet-list/table/tr/td[1]/dl/button[3]'.</msg>
<status status="PASS" starttime="20210506 22:40:43.207" endtime="20210506 22:40:44.697"></status>
</kw>
<kw name="Wait Until Page Contains" library="SeleniumLibrary">
<doc>Waits until ``text`` appears on the current page.</doc>
<arguments>
<arg>New Visit</arg>
</arguments>
<status status="PASS" starttime="20210506 22:40:44.697" endtime="20210506 22:40:44.992"></status>
</kw>
<status status="PASS" starttime="20210506 22:40:43.206" endtime="20210506 22:40:44.993"></status>
</kw>
<kw name="And Pet Visit Details">
<arguments>
<arg>${Pet_Visit_Date_2}</arg>
<arg>${Pet_Visit_Description_2}</arg>
</arguments>
<kw name="Visit Date">
<arguments>
<arg>${Pet_VisitDate}</arg>
</arguments>
<kw name="Input Text" library="SeleniumLibrary">
<doc>Types the given ``text`` into the text field identified by ``locator``.</doc>
<arguments>
<arg>xpath://*[@id="visit"]/div[1]/div[1]/div/input</arg>
<arg>${Pet_VisitDate}</arg>
</arguments>
<msg timestamp="20210506 22:40:44.998" level="INFO">Typing text '2021/05/09' into text field 'xpath://*[@id="visit"]/div[1]/div[1]/div/input'.</msg>
<status status="PASS" starttime="20210506 22:40:44.997" endtime="20210506 22:40:45.957"></status>
</kw>
<status status="PASS" starttime="20210506 22:40:44.996" endtime="20210506 22:40:45.958"></status>
</kw>
<kw name="Description">
<arguments>
<arg>${PetVisit_Description}</arg>
</arguments>
<kw name="Input Text" library="SeleniumLibrary">
<doc>Types the given ``text`` into the text field identified by ``locator``.</doc>
<arguments>
<arg>xpath://*[@id="description"]</arg>
<arg>${PetVisit_Description}</arg>
</arguments>
<msg timestamp="20210506 22:40:45.961" level="INFO">Typing text 'Skeletal Checkup' into text field 'xpath://*[@id="description"]'.</msg>
<status status="PASS" starttime="20210506 22:40:45.960" endtime="20210506 22:40:46.927"></status>
</kw>
<kw name="Click Button" library="SeleniumLibrary">
<doc>Clicks the button identified by ``locator``.</doc>
<arguments>
<arg>xpath://*[@id="visit"]/div[2]/div/button[2]</arg>
</arguments>
<msg timestamp="20210506 22:40:46.927" level="INFO">Clicking button 'xpath://*[@id="visit"]/div[2]/div/button[2]'.</msg>
<status status="PASS" starttime="20210506 22:40:46.927" endtime="20210506 22:40:48.315"></status>
</kw>
<status status="PASS" starttime="20210506 22:40:45.959" endtime="20210506 22:40:48.315"></status>
</kw>
<kw name="Set Selenium Speed" library="SeleniumLibrary">
<doc>Sets the delay that is waited after each Selenium command.</doc>
<arguments>
<arg>.5</arg>
</arguments>
<status status="PASS" starttime="20210506 22:40:48.315" endtime="20210506 22:40:48.315"></status>
</kw>
<status status="PASS" starttime="20210506 22:40:44.995" endtime="20210506 22:40:48.316"></status>
</kw>
<kw name="And AddVisit Button or Add Pet visit in the owners info page">
<kw name="Click Button" library="SeleniumLibrary">
<doc>Clicks the button identified by ``locator``.</doc>
<arguments>
<arg>xpath:/html/body/app-root/app-owner-detail/div/div/table[2]/tr/app-pet-list/table/tr/td[1]/dl/button[3]</arg>
</arguments>
<msg timestamp="20210506 22:40:48.317" level="INFO">Clicking button 'xpath:/html/body/app-root/app-owner-detail/div/div/table[2]/tr/app-pet-list/table/tr/td[1]/dl/button[3]'.</msg>
<status status="PASS" starttime="20210506 22:40:48.316" endtime="20210506 22:40:50.936"></status>
</kw>
<kw name="Wait Until Page Contains" library="SeleniumLibrary">
<doc>Waits until ``text`` appears on the current page.</doc>
<arguments>
<arg>New Visit</arg>
</arguments>
<status status="PASS" starttime="20210506 22:40:50.936" endtime="20210506 22:40:51.461"></status>
</kw>
<status status="PASS" starttime="20210506 22:40:48.316" endtime="20210506 22:40:51.461"></status>
</kw>
<kw name="And Pet Visit Details">
<arguments>
<arg>${Pet_Visit_Date_3}</arg>
<arg>${Pet_Visit_Description_3}</arg>
</arguments>
<kw name="Visit Date">
<arguments>
<arg>${Pet_VisitDate}</arg>
</arguments>
<kw name="Input Text" library="SeleniumLibrary">
<doc>Types the given ``text`` into the text field identified by ``locator``.</doc>
<arguments>
<arg>xpath://*[@id="visit"]/div[1]/div[1]/div/input</arg>
<arg>${Pet_VisitDate}</arg>
</arguments>
<msg timestamp="20210506 22:40:51.464" level="INFO">Typing text '2021/05/15' into text field 'xpath://*[@id="visit"]/div[1]/div[1]/div/input'.</msg>
<status status="PASS" starttime="20210506 22:40:51.463" endtime="20210506 22:40:53.154"></status>
</kw>
<status status="PASS" starttime="20210506 22:40:51.463" endtime="20210506 22:40:53.155"></status>
</kw>
<kw name="Description">
<arguments>
<arg>${PetVisit_Description}</arg>
</arguments>
<kw name="Input Text" library="SeleniumLibrary">
<doc>Types the given ``text`` into the text field identified by ``locator``.</doc>
<arguments>
<arg>xpath://*[@id="description"]</arg>
<arg>${PetVisit_Description}</arg>
</arguments>
<msg timestamp="20210506 22:40:53.157" level="INFO">Typing text 'Overall Health Checkup' into text field 'xpath://*[@id="description"]'.</msg>
<status status="PASS" starttime="20210506 22:40:53.157" endtime="20210506 22:40:54.852"></status>
</kw>
<kw name="Click Button" library="SeleniumLibrary">
<doc>Clicks the button identified by ``locator``.</doc>
<arguments>
<arg>xpath://*[@id="visit"]/div[2]/div/button[2]</arg>
</arguments>
<msg timestamp="20210506 22:40:54.854" level="INFO">Clicking button 'xpath://*[@id="visit"]/div[2]/div/button[2]'.</msg>
<status status="PASS" starttime="20210506 22:40:54.853" endtime="20210506 22:40:57.517"></status>
</kw>
<status status="PASS" starttime="20210506 22:40:53.156" endtime="20210506 22:40:57.518"></status>
</kw>
<kw name="Set Selenium Speed" library="SeleniumLibrary">
<doc>Sets the delay that is waited after each Selenium command.</doc>
<arguments>
<arg>.5</arg>
</arguments>
<status status="PASS" starttime="20210506 22:40:57.519" endtime="20210506 22:40:57.520"></status>
</kw>
<status status="PASS" starttime="20210506 22:40:51.462" endtime="20210506 22:40:57.520"></status>
</kw>
<kw name="And Verify able to add multiple pet visits">
<kw name="Get Text" library="SeleniumLibrary">
<doc>Returns the text value of the element identified by ``locator``.</doc>
<arguments>
<arg>xpath:/html/body/app-root/app-owner-detail/div/div/table[2]/tr/app-pet-list/table/tr/td[2]/app-visit-list/table/tr/td[1]</arg>
</arguments>
<assign>
<var>${Verify_Pet_Visit_Date2_Added}</var>
</assign>
<msg timestamp="20210506 22:40:58.607" level="INFO">${Verify_Pet_Visit_Date2_Added} = 2021/05/15</msg>
<status status="PASS" starttime="20210506 22:40:57.523" endtime="20210506 22:40:58.607"></status>
</kw>
<kw name="Get Text" library="SeleniumLibrary">
<doc>Returns the text value of the element identified by ``locator``.</doc>
<arguments>
<arg>xpath:/html/body/app-root/app-owner-detail/div/div/table[2]/tr/app-pet-list/table/tr/td[2]/app-visit-list/table/tr/td[2]</arg>
</arguments>
<assign>
<var>${Verify_Pet_Visit_Description2_Added}</var>
</assign>
<msg timestamp="20210506 22:40:59.669" level="INFO">${Verify_Pet_Visit_Description2_Added} = Overall Health Checkup</msg>
<status status="PASS" starttime="20210506 22:40:58.607" endtime="20210506 22:40:59.670"></status>
</kw>
<kw name="Get Text" library="SeleniumLibrary">
<doc>Returns the text value of the element identified by ``locator``.</doc>
<arguments>
<arg>xpath:/html/body/app-root/app-owner-detail/div/div/table[2]/tr/app-pet-list/table/tr/td[2]/app-visit-list/table/tr[1]/td[1]</arg>
</arguments>
<assign>
<var>${Verify_Pet_Visit_Date3_Added}</var>
</assign>
<msg timestamp="20210506 22:41:00.742" level="INFO">${Verify_Pet_Visit_Date3_Added} = 2021/05/15</msg>
<status status="PASS" starttime="20210506 22:40:59.670" endtime="20210506 22:41:00.743"></status>
</kw>
<kw name="Get Text" library="SeleniumLibrary">
<doc>Returns the text value of the element identified by ``locator``.</doc>
<arguments>
<arg>xpath:/html/body/app-root/app-owner-detail/div/div/table[2]/tr/app-pet-list/table/tr/td[2]/app-visit-list/table/tr[1]/td[2]</arg>
</arguments>
<assign>
<var>${Verify_Pet_Visit_Description3_Added}</var>
</assign>
<msg timestamp="20210506 22:41:01.802" level="INFO">${Verify_Pet_Visit_Description3_Added} = Overall Health Checkup</msg>
<status status="PASS" starttime="20210506 22:41:00.743" endtime="20210506 22:41:01.803"></status>
</kw>
<kw name="Table Should Contain" library="SeleniumLibrary">
<doc>Verifies table contains text ``expected``.</doc>
<arguments>
<arg>xpath:/html/body/app-root/app-owner-detail/div/div/table[2]/tr/app-pet-list/table/tr/td[2]/app-visit-list/table</arg>
<arg>${Verify_Pet_Visit_Date2_Added} ${Verify_Pet_Visit_Description2_Added}</arg>
</arguments>
<status status="PASS" starttime="20210506 22:41:01.803" endtime="20210506 22:41:09.316"></status>
</kw>
<kw name="Table Should Contain" library="SeleniumLibrary">
<doc>Verifies table contains text ``expected``.</doc>
<arguments>
<arg>xpath:/html/body/app-root/app-owner-detail/div/div/table[2]/tr/app-pet-list/table/tr/td[2]/app-visit-list/table</arg>
<arg>${Verify_Pet_Visit_Date3_Added} ${Verify_Pet_Visit_Description3_Added}</arg>
</arguments>
<status status="PASS" starttime="20210506 22:41:09.317" endtime="20210506 22:41:16.731"></status>
</kw>
<status status="PASS" starttime="20210506 22:40:57.522" endtime="20210506 22:41:16.732"></status>
</kw>
<kw name="Then Teardown Add Multiple Pet Visits 1">
<kw name="Click Button" library="SeleniumLibrary">
<doc>Clicks the button identified by ``locator``.</doc>
<arguments>
<arg>xpath:/html/body/app-root/app-owner-detail/div/div/table[2]/tr/app-pet-list/table/tr/td[2]/app-visit-list/table/tr/td[3]/button[2]</arg>
</arguments>
<msg timestamp="20210506 22:41:16.735" level="INFO">Clicking button 'xpath:/html/body/app-root/app-owner-detail/div/div/table[2]/tr/app-pet-list/table/tr/td[2]/app-visit-list/table/tr/td[3]/button[2]'.</msg>
<status status="PASS" starttime="20210506 22:41:16.735" endtime="20210506 22:41:20.426"></status>
</kw>
<kw name="Click Button" library="SeleniumLibrary">
<doc>Clicks the button identified by ``locator``.</doc>
<arguments>
<arg>xpath:/html/body/app-root/app-owner-detail/div/div/table[2]/tr/app-pet-list/table/tr/td[2]/app-visit-list/table/tr/td[3]/button[2]</arg>
</arguments>
<msg timestamp="20210506 22:41:20.428" level="INFO">Clicking button 'xpath:/html/body/app-root/app-owner-detail/div/div/table[2]/tr/app-pet-list/table/tr/td[2]/app-visit-list/table/tr/td[3]/button[2]'.</msg>
<status status="PASS" starttime="20210506 22:41:20.427" endtime="20210506 22:41:23.081"></status>
</kw>
<kw name="Page Should Not Contain Element" library="SeleniumLibrary">
<doc>Verifies that element ``locator`` is not found on the current page.</doc>
<arguments>
<arg>xpath:/html/body/app-root/app-owner-detail/div/div/table[2]/tr/app-pet-list/table/tr/td[2]/app-visit-list/table/tr[1]/td[1]</arg>
</arguments>
<msg timestamp="20210506 22:41:23.612" level="INFO">Current page does not contain element 'xpath:/html/body/app-root/app-owner-detail/div/div/table[2]/tr/app-pet-list/table/tr/td[2]/app-visit-list/table/tr[1]/td[1]'.</msg>
<status status="PASS" starttime="20210506 22:41:23.082" endtime="20210506 22:41:23.613"></status>
</kw>
<kw name="Page Should Not Contain Element" library="SeleniumLibrary">
<doc>Verifies that element ``locator`` is not found on the current page.</doc>
<arguments>
<arg>xpath:/html/body/app-root/app-owner-detail/div/div/table[2]/tr/app-pet-list/table/tr/td[2]/app-visit-list/table/tr[2]/td[1]</arg>
</arguments>
<msg timestamp="20210506 22:41:24.144" level="INFO">Current page does not contain element 'xpath:/html/body/app-root/app-owner-detail/div/div/table[2]/tr/app-pet-list/table/tr/td[2]/app-visit-list/table/tr[2]/td[1]'.</msg>
<status status="PASS" starttime="20210506 22:41:23.613" endtime="20210506 22:41:24.145"></status>
</kw>
<status status="PASS" starttime="20210506 22:41:16.734" endtime="20210506 22:41:24.145"></status>
</kw>
<kw name="End Web Test" library="PetKeywords" type="teardown">
<kw name="Close Browser" library="SeleniumLibrary">
<doc>Closes the current browser.</doc>
<status status="PASS" starttime="20210506 22:41:24.149" endtime="20210506 22:41:26.827"></status>
</kw>
<status status="PASS" starttime="20210506 22:41:24.147" endtime="20210506 22:41:26.827"></status>
</kw>
<doc>Adding Multiple petvisits and verifying</doc>
<tags>
<tag>Testing adding Multiple Petvisits and verifying</tag>
</tags>
<status status="PASS" starttime="20210506 22:40:35.444" endtime="20210506 22:41:26.828" critical="yes"></status>
</test>
<doc>This is some basic info about the whole test suite</doc>
<status status="PASS" starttime="20210506 22:40:06.885" endtime="20210506 22:41:26.835"></status>
</suite>
<statistics>
<total>
<stat pass="2" fail="0">Critical Tests</stat>
<stat pass="2" fail="0">All Tests</stat>
</total>
<tag>
<stat pass="1" fail="0">Testing adding a petvisit and verifying</stat>
<stat pass="1" fail="0">Testing adding Multiple Petvisits and verifying</stat>
</tag>
<suite>
<stat pass="2" fail="0" id="s1" name="Pettypesvisitcomplete">Pettypesvisitcomplete</stat>
</suite>
</statistics>
<errors>
</errors>
</robot>
