<?xml version="1.0" encoding="UTF-8"?>
<robot generator="Robot 3.2.2 (Python 3.9.2 on win32)" generated="20210507 09:43:01.730" rpa="false">
<suite id="s1" name="Pettypesvisitcomplete" source="C:\Projects\PetClinic\spring-petclinic-angular\src\test\automation\Tests\Pettypesvisitcomplete.robot">
<test id="s1-t1" name="Adding a pet visit">
<kw name="Begin WebTest" type="setup">
<kw name="Open Browser" library="SeleniumLibrary">
<doc>Opens a new browser instance to the optional ``url``.</doc>
<arguments>
<arg>about:blank</arg>
<arg>chrome</arg>
</arguments>
<msg timestamp="20210507 09:43:02.085" level="INFO">Opening browser 'chrome' to base url 'about:blank'.</msg>
<status status="PASS" starttime="20210507 09:43:02.085" endtime="20210507 09:43:03.643"></status>
</kw>
<kw name="Maximize Browser Window" library="SeleniumLibrary">
<doc>Maximizes current browser window.</doc>
<status status="PASS" starttime="20210507 09:43:03.643" endtime="20210507 09:43:03.856"></status>
</kw>
<kw name="Set Selenium Speed" library="SeleniumLibrary">
<doc>Sets the delay that is waited after each Selenium command.</doc>
<arguments>
<arg>.5</arg>
</arguments>
<status status="PASS" starttime="20210507 09:43:03.856" endtime="20210507 09:43:03.857"></status>
</kw>
<status status="PASS" starttime="20210507 09:43:02.085" endtime="20210507 09:43:03.857"></status>
</kw>
<kw name="Given Go To Web Page">
<kw name="Load Page">
<kw name="Go To" library="SeleniumLibrary">
<doc>Navigates the current browser window to the provided ``url``.</doc>
<arguments>
<arg>${URL}</arg>
</arguments>
<msg timestamp="20210507 09:43:03.860" level="INFO">Opening url 'http://localhost:4200/'</msg>
<status status="PASS" starttime="20210507 09:43:03.860" endtime="20210507 09:43:05.155"></status>
</kw>
<status status="PASS" starttime="20210507 09:43:03.859" endtime="20210507 09:43:05.155"></status>
</kw>
<kw name="Verify Page Loaded">
<kw name="Get Text" library="SeleniumLibrary">
<doc>Returns the text value of the element identified by ``locator``.</doc>
<arguments>
<arg>xpath:/html/body/app-root/app-welcome/h1</arg>
</arguments>
<assign>
<var>${actualTerm}</var>
</assign>
<msg timestamp="20210507 09:43:06.201" level="INFO">${actualTerm} = Welcome to Petclinic</msg>
<status status="PASS" starttime="20210507 09:43:05.156" endtime="20210507 09:43:06.201"></status>
</kw>
<kw name="Should Be Equal" library="BuiltIn">
<doc>Fails if the given objects are unequal.</doc>
<arguments>
<arg>${Welcome_Message}</arg>
<arg>${actualTerm}</arg>
</arguments>
<status status="PASS" starttime="20210507 09:43:06.201" endtime="20210507 09:43:06.202"></status>
</kw>
<status status="PASS" starttime="20210507 09:43:05.155" endtime="20210507 09:43:06.202"></status>
</kw>
<status status="PASS" starttime="20210507 09:43:03.858" endtime="20210507 09:43:06.202"></status>
</kw>
<kw name="When All Owners">
<kw name="Click Element" library="SeleniumLibrary">
<doc>Click the element identified by ``locator``.</doc>
<arguments>
<arg>xpath:/html/body/app-root/div[1]/nav/div/ul/li[2]/a</arg>
</arguments>
<msg timestamp="20210507 09:43:06.203" level="INFO">Clicking element 'xpath:/html/body/app-root/div[1]/nav/div/ul/li[2]/a'.</msg>
<status status="PASS" starttime="20210507 09:43:06.203" endtime="20210507 09:43:07.284"></status>
</kw>
<kw name="Click Element" library="SeleniumLibrary">
<doc>Click the element identified by ``locator``.</doc>
<arguments>
<arg>xpath:/html/body/app-root/div[1]/nav/div/ul/li[2]/ul/li[1]/a</arg>
</arguments>
<msg timestamp="20210507 09:43:07.285" level="INFO">Clicking element 'xpath:/html/body/app-root/div[1]/nav/div/ul/li[2]/ul/li[1]/a'.</msg>
<status status="PASS" starttime="20210507 09:43:07.284" endtime="20210507 09:43:08.389"></status>
</kw>
<status status="PASS" starttime="20210507 09:43:06.202" endtime="20210507 09:43:08.390"></status>
</kw>
<kw name="And Select A Owner From The List">
<kw name="Set Selenium Speed" library="SeleniumLibrary">
<doc>Sets the delay that is waited after each Selenium command.</doc>
<arguments>
<arg>.25</arg>
</arguments>
<status status="PASS" starttime="20210507 09:43:08.393" endtime="20210507 09:43:08.394"></status>
</kw>
<kw name="Click Element" library="SeleniumLibrary">
<doc>Click the element identified by ``locator``.</doc>
<arguments>
<arg>xpath:/html/body/app-root/app-owner-list/div/div/div/table/tbody/tr[2]/td[1]/a</arg>
</arguments>
<msg timestamp="20210507 09:43:08.394" level="INFO">Clicking element 'xpath:/html/body/app-root/app-owner-list/div/div/div/table/tbody/tr[2]/td[1]/a'.</msg>
<status status="PASS" starttime="20210507 09:43:08.394" endtime="20210507 09:43:09.009"></status>
</kw>
<kw name="Set Selenium Speed" library="SeleniumLibrary">
<doc>Sets the delay that is waited after each Selenium command.</doc>
<arguments>
<arg>.25</arg>
</arguments>
<status status="PASS" starttime="20210507 09:43:09.010" endtime="20210507 09:43:09.011"></status>
</kw>
<kw name="Wait Until Page Contains" library="SeleniumLibrary">
<doc>Waits until ``text`` appears on the current page.</doc>
<arguments>
<arg>Betty Davis</arg>
</arguments>
<status status="PASS" starttime="20210507 09:43:09.011" endtime="20210507 09:43:09.292"></status>
</kw>
<status status="PASS" starttime="20210507 09:43:08.392" endtime="20210507 09:43:09.293"></status>
</kw>
<kw name="And AddVisit Button or Add Pet visit in the owners info page">
<kw name="Click Button" library="SeleniumLibrary">
<doc>Clicks the button identified by ``locator``.</doc>
<arguments>
<arg>xpath:/html/body/app-root/app-owner-detail/div/div/table[2]/tr/app-pet-list/table/tr/td[1]/dl/button[3]</arg>
</arguments>
<msg timestamp="20210507 09:43:09.295" level="INFO">Clicking button 'xpath:/html/body/app-root/app-owner-detail/div/div/table[2]/tr/app-pet-list/table/tr/td[1]/dl/button[3]'.</msg>
<status status="PASS" starttime="20210507 09:43:09.294" endtime="20210507 09:43:10.735"></status>
</kw>
<kw name="Wait Until Page Contains" library="SeleniumLibrary">
<doc>Waits until ``text`` appears on the current page.</doc>
<arguments>
<arg>New Visit</arg>
</arguments>
<status status="PASS" starttime="20210507 09:43:10.736" endtime="20210507 09:43:11.028"></status>
</kw>
<status status="PASS" starttime="20210507 09:43:09.294" endtime="20210507 09:43:11.030"></status>
</kw>
<kw name="And Pet Visit Details">
<arguments>
<arg>${Pet_Visit_Date_1}</arg>
<arg>${Pet_Visit_Description_1}</arg>
</arguments>
<kw name="Visit Date">
<arguments>
<arg>${Pet_VisitDate}</arg>
</arguments>
<kw name="Input Text" library="SeleniumLibrary">
<doc>Types the given ``text`` into the text field identified by ``locator``.</doc>
<arguments>
<arg>xpath://*[@id="visit"]/div[1]/div[1]/div/input</arg>
<arg>${Pet_VisitDate}</arg>
</arguments>
<msg timestamp="20210507 09:43:11.037" level="INFO">Typing text '2021/05/11' into text field 'xpath://*[@id="visit"]/div[1]/div[1]/div/input'.</msg>
<status status="PASS" starttime="20210507 09:43:11.036" endtime="20210507 09:43:11.972"></status>
</kw>
<status status="PASS" starttime="20210507 09:43:11.035" endtime="20210507 09:43:11.973"></status>
</kw>
<kw name="Description">
<arguments>
<arg>${PetVisit_Description}</arg>
</arguments>
<kw name="Input Text" library="SeleniumLibrary">
<doc>Types the given ``text`` into the text field identified by ``locator``.</doc>
<arguments>
<arg>xpath://*[@id="description"]</arg>
<arg>${PetVisit_Description}</arg>
</arguments>
<msg timestamp="20210507 09:43:11.975" level="INFO">Typing text 'Dental' into text field 'xpath://*[@id="description"]'.</msg>
<status status="PASS" starttime="20210507 09:43:11.974" endtime="20210507 09:43:12.856"></status>
</kw>
<kw name="Click Button" library="SeleniumLibrary">
<doc>Clicks the button identified by ``locator``.</doc>
<arguments>
<arg>xpath://*[@id="visit"]/div[2]/div/button[2]</arg>
</arguments>
<msg timestamp="20210507 09:43:12.856" level="INFO">Clicking button 'xpath://*[@id="visit"]/div[2]/div/button[2]'.</msg>
<status status="PASS" starttime="20210507 09:43:12.856" endtime="20210507 09:43:14.233"></status>
</kw>
<status status="PASS" starttime="20210507 09:43:11.973" endtime="20210507 09:43:14.233"></status>
</kw>
<kw name="Set Selenium Speed" library="SeleniumLibrary">
<doc>Sets the delay that is waited after each Selenium command.</doc>
<arguments>
<arg>.5</arg>
</arguments>
<status status="PASS" starttime="20210507 09:43:14.234" endtime="20210507 09:43:14.234"></status>
</kw>
<status status="PASS" starttime="20210507 09:43:11.032" endtime="20210507 09:43:14.234"></status>
</kw>
<kw name="And Verify Visit Added To A Pet">
<kw name="Sleep" library="BuiltIn">
<doc>Pauses the test executed for the given time.</doc>
<arguments>
<arg>0.5 s</arg>
</arguments>
<msg timestamp="20210507 09:43:14.746" level="INFO">Slept 500 milliseconds</msg>
<status status="PASS" starttime="20210507 09:43:14.236" endtime="20210507 09:43:14.746"></status>
</kw>
<kw name="Get Text" library="SeleniumLibrary">
<doc>Returns the text value of the element identified by ``locator``.</doc>
<arguments>
<arg>xpath:/html/body/app-root/app-owner-detail/div/div/table[2]/tr/app-pet-list/table/tr/td[2]/app-visit-list/table/tr/td[1]</arg>
</arguments>
<assign>
<var>${Verify_Pet_Visit_Date_Added}</var>
</assign>
<msg timestamp="20210507 09:43:15.779" level="INFO">${Verify_Pet_Visit_Date_Added} = 2021/05/11</msg>
<status status="PASS" starttime="20210507 09:43:14.746" endtime="20210507 09:43:15.779"></status>
</kw>
<kw name="Get Text" library="SeleniumLibrary">
<doc>Returns the text value of the element identified by ``locator``.</doc>
<arguments>
<arg>xpath:/html/body/app-root/app-owner-detail/div/div/table[2]/tr/app-pet-list/table/tr/td[2]/app-visit-list/table/tr/td[2]</arg>
</arguments>
<assign>
<var>${Verify_Pet_Visit_Description_Added}</var>
</assign>
<msg timestamp="20210507 09:43:16.838" level="INFO">${Verify_Pet_Visit_Description_Added} = Dental</msg>
<status status="PASS" starttime="20210507 09:43:15.779" endtime="20210507 09:43:16.838"></status>
</kw>
<kw name="Sleep" library="BuiltIn">
<doc>Pauses the test executed for the given time.</doc>
<arguments>
<arg>0.5 s</arg>
</arguments>
<msg timestamp="20210507 09:43:17.341" level="INFO">Slept 500 milliseconds</msg>
<status status="PASS" starttime="20210507 09:43:16.838" endtime="20210507 09:43:17.341"></status>
</kw>
<kw name="Table Should Contain" library="SeleniumLibrary">
<doc>Verifies table contains text ``expected``.</doc>
<arguments>
<arg>xpath:/html/body/app-root/app-owner-detail/div/div/table[2]/tr/app-pet-list/table/tr/td[2]/app-visit-list/table</arg>
<arg>${Verify_Pet_Visit_Date_Added}</arg>
<arg>${Verify_Pet_Visit_Description_Added}</arg>
</arguments>
<status status="PASS" starttime="20210507 09:43:17.341" endtime="20210507 09:43:24.635"></status>
</kw>
<status status="PASS" starttime="20210507 09:43:14.235" endtime="20210507 09:43:24.635"></status>
</kw>
<kw name="Then Teardown Add Pet Visit">
<kw name="Click Button" library="SeleniumLibrary">
<doc>Clicks the button identified by ``locator``.</doc>
<arguments>
<arg>xpath:/html/body/app-root/app-owner-detail/div/div/table[2]/tr/app-pet-list/table/tr/td[2]/app-visit-list/table/tr/td[3]/button[2]</arg>
</arguments>
<msg timestamp="20210507 09:43:24.636" level="INFO">Clicking button 'xpath:/html/body/app-root/app-owner-detail/div/div/table[2]/tr/app-pet-list/table/tr/td[2]/app-visit-list/table/tr/td[3]/button[2]'.</msg>
<status status="PASS" starttime="20210507 09:43:24.636" endtime="20210507 09:43:27.304"></status>
</kw>
<kw name="Sleep" library="BuiltIn">
<doc>Pauses the test executed for the given time.</doc>
<arguments>
<arg>0.1 s</arg>
</arguments>
<msg timestamp="20210507 09:43:27.413" level="INFO">Slept 100 milliseconds</msg>
<status status="PASS" starttime="20210507 09:43:27.304" endtime="20210507 09:43:27.414"></status>
</kw>
<kw name="Page Should Not Contain Element" library="SeleniumLibrary">
<doc>Verifies that element ``locator`` is not found on the current page.</doc>
<arguments>
<arg>${Row_Path1}</arg>
</arguments>
<msg timestamp="20210507 09:43:27.940" level="INFO">Current page does not contain element 'xpath:/html/body/app-root/app-owner-detail/div/div/table[2]/tr/app-pet-list/table/tr/td[2]/app-visit-list/table/tr'.</msg>
<status status="PASS" starttime="20210507 09:43:27.415" endtime="20210507 09:43:27.940"></status>
</kw>
<status status="PASS" starttime="20210507 09:43:24.636" endtime="20210507 09:43:27.941"></status>
</kw>
<kw name="End Web Test" library="PetKeywords" type="teardown">
<kw name="Close Browser" library="SeleniumLibrary">
<doc>Closes the current browser.</doc>
<status status="PASS" starttime="20210507 09:43:27.942" endtime="20210507 09:43:30.663"></status>
</kw>
<status status="PASS" starttime="20210507 09:43:27.942" endtime="20210507 09:43:30.664"></status>
</kw>
<doc>Adding a petvisit and verifying</doc>
<tags>
<tag>Testing adding a petvisit and verifying</tag>
</tags>
<status status="PASS" starttime="20210507 09:43:02.082" endtime="20210507 09:43:30.665" critical="yes"></status>
</test>
<test id="s1-t2" name="Add multiple petvisits to one pet">
<kw name="Begin WebTest" type="setup">
<kw name="Open Browser" library="SeleniumLibrary">
<doc>Opens a new browser instance to the optional ``url``.</doc>
<arguments>
<arg>about:blank</arg>
<arg>chrome</arg>
</arguments>
<msg timestamp="20210507 09:43:30.669" level="INFO">Opening browser 'chrome' to base url 'about:blank'.</msg>
<status status="PASS" starttime="20210507 09:43:30.669" endtime="20210507 09:43:32.596"></status>
</kw>
<kw name="Maximize Browser Window" library="SeleniumLibrary">
<doc>Maximizes current browser window.</doc>
<status status="PASS" starttime="20210507 09:43:32.596" endtime="20210507 09:43:33.237"></status>
</kw>
<kw name="Set Selenium Speed" library="SeleniumLibrary">
<doc>Sets the delay that is waited after each Selenium command.</doc>
<arguments>
<arg>.5</arg>
</arguments>
<status status="PASS" starttime="20210507 09:43:33.237" endtime="20210507 09:43:33.238"></status>
</kw>
<status status="PASS" starttime="20210507 09:43:30.668" endtime="20210507 09:43:33.238"></status>
</kw>
<kw name="Given Go To Web Page">
<kw name="Load Page">
<kw name="Go To" library="SeleniumLibrary">
<doc>Navigates the current browser window to the provided ``url``.</doc>
<arguments>
<arg>${URL}</arg>
</arguments>
<msg timestamp="20210507 09:43:33.239" level="INFO">Opening url 'http://localhost:4200/'</msg>
<status status="PASS" starttime="20210507 09:43:33.239" endtime="20210507 09:43:34.307"></status>
</kw>
<status status="PASS" starttime="20210507 09:43:33.239" endtime="20210507 09:43:34.307"></status>
</kw>
<kw name="Verify Page Loaded">
<kw name="Get Text" library="SeleniumLibrary">
<doc>Returns the text value of the element identified by ``locator``.</doc>
<arguments>
<arg>xpath:/html/body/app-root/app-welcome/h1</arg>
</arguments>
<assign>
<var>${actualTerm}</var>
</assign>
<msg timestamp="20210507 09:43:35.360" level="INFO">${actualTerm} = Welcome to Petclinic</msg>
<status status="PASS" starttime="20210507 09:43:34.307" endtime="20210507 09:43:35.360"></status>
</kw>
<kw name="Should Be Equal" library="BuiltIn">
<doc>Fails if the given objects are unequal.</doc>
<arguments>
<arg>${Welcome_Message}</arg>
<arg>${actualTerm}</arg>
</arguments>
<status status="PASS" starttime="20210507 09:43:35.361" endtime="20210507 09:43:35.362"></status>
</kw>
<status status="PASS" starttime="20210507 09:43:34.307" endtime="20210507 09:43:35.362"></status>
</kw>
<status status="PASS" starttime="20210507 09:43:33.238" endtime="20210507 09:43:35.362"></status>
</kw>
<kw name="When All Owners">
<kw name="Click Element" library="SeleniumLibrary">
<doc>Click the element identified by ``locator``.</doc>
<arguments>
<arg>xpath:/html/body/app-root/div[1]/nav/div/ul/li[2]/a</arg>
</arguments>
<msg timestamp="20210507 09:43:35.365" level="INFO">Clicking element 'xpath:/html/body/app-root/div[1]/nav/div/ul/li[2]/a'.</msg>
<status status="PASS" starttime="20210507 09:43:35.365" endtime="20210507 09:43:36.444"></status>
</kw>
<kw name="Click Element" library="SeleniumLibrary">
<doc>Click the element identified by ``locator``.</doc>
<arguments>
<arg>xpath:/html/body/app-root/div[1]/nav/div/ul/li[2]/ul/li[1]/a</arg>
</arguments>
<msg timestamp="20210507 09:43:36.445" level="INFO">Clicking element 'xpath:/html/body/app-root/div[1]/nav/div/ul/li[2]/ul/li[1]/a'.</msg>
<status status="PASS" starttime="20210507 09:43:36.444" endtime="20210507 09:43:37.548"></status>
</kw>
<status status="PASS" starttime="20210507 09:43:35.364" endtime="20210507 09:43:37.550"></status>
</kw>
<kw name="And Select A Owner From The List">
<kw name="Set Selenium Speed" library="SeleniumLibrary">
<doc>Sets the delay that is waited after each Selenium command.</doc>
<arguments>
<arg>.25</arg>
</arguments>
<status status="PASS" starttime="20210507 09:43:37.553" endtime="20210507 09:43:37.553"></status>
</kw>
<kw name="Click Element" library="SeleniumLibrary">
<doc>Click the element identified by ``locator``.</doc>
<arguments>
<arg>xpath:/html/body/app-root/app-owner-list/div/div/div/table/tbody/tr[2]/td[1]/a</arg>
</arguments>
<msg timestamp="20210507 09:43:37.554" level="INFO">Clicking element 'xpath:/html/body/app-root/app-owner-list/div/div/div/table/tbody/tr[2]/td[1]/a'.</msg>
<status status="PASS" starttime="20210507 09:43:37.554" endtime="20210507 09:43:38.199"></status>
</kw>
<kw name="Set Selenium Speed" library="SeleniumLibrary">
<doc>Sets the delay that is waited after each Selenium command.</doc>
<arguments>
<arg>.25</arg>
</arguments>
<status status="PASS" starttime="20210507 09:43:38.199" endtime="20210507 09:43:38.200"></status>
</kw>
<kw name="Wait Until Page Contains" library="SeleniumLibrary">
<doc>Waits until ``text`` appears on the current page.</doc>
<arguments>
<arg>Betty Davis</arg>
</arguments>
<status status="PASS" starttime="20210507 09:43:38.200" endtime="20210507 09:43:38.479"></status>
</kw>
<status status="PASS" starttime="20210507 09:43:37.552" endtime="20210507 09:43:38.479"></status>
</kw>
<kw name="And AddVisit Button or Add Pet visit in the owners info page">
<kw name="Click Button" library="SeleniumLibrary">
<doc>Clicks the button identified by ``locator``.</doc>
<arguments>
<arg>xpath:/html/body/app-root/app-owner-detail/div/div/table[2]/tr/app-pet-list/table/tr/td[1]/dl/button[3]</arg>
</arguments>
<msg timestamp="20210507 09:43:38.481" level="INFO">Clicking button 'xpath:/html/body/app-root/app-owner-detail/div/div/table[2]/tr/app-pet-list/table/tr/td[1]/dl/button[3]'.</msg>
<status status="PASS" starttime="20210507 09:43:38.480" endtime="20210507 09:43:39.929"></status>
</kw>
<kw name="Wait Until Page Contains" library="SeleniumLibrary">
<doc>Waits until ``text`` appears on the current page.</doc>
<arguments>
<arg>New Visit</arg>
</arguments>
<status status="PASS" starttime="20210507 09:43:39.930" endtime="20210507 09:43:40.207"></status>
</kw>
<status status="PASS" starttime="20210507 09:43:38.480" endtime="20210507 09:43:40.207"></status>
</kw>
<kw name="And Pet Visit Details">
<arguments>
<arg>${Pet_Visit_Date_2}</arg>
<arg>${Pet_Visit_Description_2}</arg>
</arguments>
<kw name="Visit Date">
<arguments>
<arg>${Pet_VisitDate}</arg>
</arguments>
<kw name="Input Text" library="SeleniumLibrary">
<doc>Types the given ``text`` into the text field identified by ``locator``.</doc>
<arguments>
<arg>xpath://*[@id="visit"]/div[1]/div[1]/div/input</arg>
<arg>${Pet_VisitDate}</arg>
</arguments>
<msg timestamp="20210507 09:43:40.210" level="INFO">Typing text '2021/05/09' into text field 'xpath://*[@id="visit"]/div[1]/div[1]/div/input'.</msg>
<status status="PASS" starttime="20210507 09:43:40.210" endtime="20210507 09:43:41.140"></status>
</kw>
<status status="PASS" starttime="20210507 09:43:40.208" endtime="20210507 09:43:41.140"></status>
</kw>
<kw name="Description">
<arguments>
<arg>${PetVisit_Description}</arg>
</arguments>
<kw name="Input Text" library="SeleniumLibrary">
<doc>Types the given ``text`` into the text field identified by ``locator``.</doc>
<arguments>
<arg>xpath://*[@id="description"]</arg>
<arg>${PetVisit_Description}</arg>
</arguments>
<msg timestamp="20210507 09:43:41.141" level="INFO">Typing text 'Body Checkup' into text field 'xpath://*[@id="description"]'.</msg>
<status status="PASS" starttime="20210507 09:43:41.141" endtime="20210507 09:43:42.050"></status>
</kw>
<kw name="Click Button" library="SeleniumLibrary">
<doc>Clicks the button identified by ``locator``.</doc>
<arguments>
<arg>xpath://*[@id="visit"]/div[2]/div/button[2]</arg>
</arguments>
<msg timestamp="20210507 09:43:42.050" level="INFO">Clicking button 'xpath://*[@id="visit"]/div[2]/div/button[2]'.</msg>
<status status="PASS" starttime="20210507 09:43:42.050" endtime="20210507 09:43:43.432"></status>
</kw>
<status status="PASS" starttime="20210507 09:43:41.140" endtime="20210507 09:43:43.432"></status>
</kw>
<kw name="Set Selenium Speed" library="SeleniumLibrary">
<doc>Sets the delay that is waited after each Selenium command.</doc>
<arguments>
<arg>.5</arg>
</arguments>
<status status="PASS" starttime="20210507 09:43:43.432" endtime="20210507 09:43:43.433"></status>
</kw>
<status status="PASS" starttime="20210507 09:43:40.208" endtime="20210507 09:43:43.433"></status>
</kw>
<kw name="And AddVisit Button or Add Pet visit in the owners info page">
<kw name="Click Button" library="SeleniumLibrary">
<doc>Clicks the button identified by ``locator``.</doc>
<arguments>
<arg>xpath:/html/body/app-root/app-owner-detail/div/div/table[2]/tr/app-pet-list/table/tr/td[1]/dl/button[3]</arg>
</arguments>
<msg timestamp="20210507 09:43:43.435" level="INFO">Clicking button 'xpath:/html/body/app-root/app-owner-detail/div/div/table[2]/tr/app-pet-list/table/tr/td[1]/dl/button[3]'.</msg>
<status status="PASS" starttime="20210507 09:43:43.434" endtime="20210507 09:43:46.064"></status>
</kw>
<kw name="Wait Until Page Contains" library="SeleniumLibrary">
<doc>Waits until ``text`` appears on the current page.</doc>
<arguments>
<arg>New Visit</arg>
</arguments>
<status status="PASS" starttime="20210507 09:43:46.064" endtime="20210507 09:43:46.574"></status>
</kw>
<status status="PASS" starttime="20210507 09:43:43.434" endtime="20210507 09:43:46.574"></status>
</kw>
<kw name="And Pet Visit Details">
<arguments>
<arg>${Pet_Visit_Date_3}</arg>
<arg>${Pet_Visit_Description_3}</arg>
</arguments>
<kw name="Visit Date">
<arguments>
<arg>${Pet_VisitDate}</arg>
</arguments>
<kw name="Input Text" library="SeleniumLibrary">
<doc>Types the given ``text`` into the text field identified by ``locator``.</doc>
<arguments>
<arg>xpath://*[@id="visit"]/div[1]/div[1]/div/input</arg>
<arg>${Pet_VisitDate}</arg>
</arguments>
<msg timestamp="20210507 09:43:46.579" level="INFO">Typing text '2021/05/15' into text field 'xpath://*[@id="visit"]/div[1]/div[1]/div/input'.</msg>
<status status="PASS" starttime="20210507 09:43:46.578" endtime="20210507 09:43:48.236"></status>
</kw>
<status status="PASS" starttime="20210507 09:43:46.576" endtime="20210507 09:43:48.236"></status>
</kw>
<kw name="Description">
<arguments>
<arg>${PetVisit_Description}</arg>
</arguments>
<kw name="Input Text" library="SeleniumLibrary">
<doc>Types the given ``text`` into the text field identified by ``locator``.</doc>
<arguments>
<arg>xpath://*[@id="description"]</arg>
<arg>${PetVisit_Description}</arg>
</arguments>
<msg timestamp="20210507 09:43:48.237" level="INFO">Typing text 'Overall Health Checkup' into text field 'xpath://*[@id="description"]'.</msg>
<status status="PASS" starttime="20210507 09:43:48.237" endtime="20210507 09:43:49.894"></status>
</kw>
<kw name="Click Button" library="SeleniumLibrary">
<doc>Clicks the button identified by ``locator``.</doc>
<arguments>
<arg>xpath://*[@id="visit"]/div[2]/div/button[2]</arg>
</arguments>
<msg timestamp="20210507 09:43:49.895" level="INFO">Clicking button 'xpath://*[@id="visit"]/div[2]/div/button[2]'.</msg>
<status status="PASS" starttime="20210507 09:43:49.894" endtime="20210507 09:43:52.513"></status>
</kw>
<status status="PASS" starttime="20210507 09:43:48.237" endtime="20210507 09:43:52.513"></status>
</kw>
<kw name="Set Selenium Speed" library="SeleniumLibrary">
<doc>Sets the delay that is waited after each Selenium command.</doc>
<arguments>
<arg>.5</arg>
</arguments>
<status status="PASS" starttime="20210507 09:43:52.513" endtime="20210507 09:43:52.514"></status>
</kw>
<status status="PASS" starttime="20210507 09:43:46.575" endtime="20210507 09:43:52.514"></status>
</kw>
<kw name="And Verify able to add multiple pet visits">
<kw name="Get Text" library="SeleniumLibrary">
<doc>Returns the text value of the element identified by ``locator``.</doc>
<arguments>
<arg>xpath:/html/body/app-root/app-owner-detail/div/div/table[2]/tr/app-pet-list/table/tr/td[2]/app-visit-list/table/tr/td[1]</arg>
</arguments>
<assign>
<var>${Verify_Pet_Visit_Date2_Added}</var>
</assign>
<msg timestamp="20210507 09:43:53.566" level="INFO">${Verify_Pet_Visit_Date2_Added} = 2021/05/15</msg>
<status status="PASS" starttime="20210507 09:43:52.515" endtime="20210507 09:43:53.566"></status>
</kw>
<kw name="Get Text" library="SeleniumLibrary">
<doc>Returns the text value of the element identified by ``locator``.</doc>
<arguments>
<arg>xpath:/html/body/app-root/app-owner-detail/div/div/table[2]/tr/app-pet-list/table/tr/td[2]/app-visit-list/table/tr/td[2]</arg>
</arguments>
<assign>
<var>${Verify_Pet_Visit_Description2_Added}</var>
</assign>
<msg timestamp="20210507 09:43:54.621" level="INFO">${Verify_Pet_Visit_Description2_Added} = Overall Health Checkup</msg>
<status status="PASS" starttime="20210507 09:43:53.566" endtime="20210507 09:43:54.621"></status>
</kw>
<kw name="Get Text" library="SeleniumLibrary">
<doc>Returns the text value of the element identified by ``locator``.</doc>
<arguments>
<arg>xpath:/html/body/app-root/app-owner-detail/div/div/table[2]/tr/app-pet-list/table/tr/td[2]/app-visit-list/table/tr[1]/td[1]</arg>
</arguments>
<assign>
<var>${Verify_Pet_Visit_Date3_Added}</var>
</assign>
<msg timestamp="20210507 09:43:55.676" level="INFO">${Verify_Pet_Visit_Date3_Added} = 2021/05/15</msg>
<status status="PASS" starttime="20210507 09:43:54.621" endtime="20210507 09:43:55.676"></status>
</kw>
<kw name="Get Text" library="SeleniumLibrary">
<doc>Returns the text value of the element identified by ``locator``.</doc>
<arguments>
<arg>xpath:/html/body/app-root/app-owner-detail/div/div/table[2]/tr/app-pet-list/table/tr/td[2]/app-visit-list/table/tr[1]/td[2]</arg>
</arguments>
<assign>
<var>${Verify_Pet_Visit_Description3_Added}</var>
</assign>
<msg timestamp="20210507 09:43:56.727" level="INFO">${Verify_Pet_Visit_Description3_Added} = Overall Health Checkup</msg>
<status status="PASS" starttime="20210507 09:43:55.677" endtime="20210507 09:43:56.727"></status>
</kw>
<kw name="Table Should Contain" library="SeleniumLibrary">
<doc>Verifies table contains text ``expected``.</doc>
<arguments>
<arg>xpath:/html/body/app-root/app-owner-detail/div/div/table[2]/tr/app-pet-list/table/tr/td[2]/app-visit-list/table</arg>
<arg>${Verify_Pet_Visit_Date2_Added} ${Verify_Pet_Visit_Description2_Added}</arg>
</arguments>
<status status="PASS" starttime="20210507 09:43:56.727" endtime="20210507 09:44:04.069"></status>
</kw>
<kw name="Table Should Contain" library="SeleniumLibrary">
<doc>Verifies table contains text ``expected``.</doc>
<arguments>
<arg>xpath:/html/body/app-root/app-owner-detail/div/div/table[2]/tr/app-pet-list/table/tr/td[2]/app-visit-list/table</arg>
<arg>${Verify_Pet_Visit_Date3_Added} ${Verify_Pet_Visit_Description3_Added}</arg>
</arguments>
<status status="PASS" starttime="20210507 09:44:04.069" endtime="20210507 09:44:11.329"></status>
</kw>
<status status="PASS" starttime="20210507 09:43:52.515" endtime="20210507 09:44:11.330"></status>
</kw>
<kw name="Then Teardown Add Multiple Pet Visits 1">
<kw name="Click Button" library="SeleniumLibrary">
<doc>Clicks the button identified by ``locator``.</doc>
<arguments>
<arg>xpath:/html/body/app-root/app-owner-detail/div/div/table[2]/tr/app-pet-list/table/tr/td[2]/app-visit-list/table/tr/td[3]/button[2]</arg>
</arguments>
<msg timestamp="20210507 09:44:11.331" level="INFO">Clicking button 'xpath:/html/body/app-root/app-owner-detail/div/div/table[2]/tr/app-pet-list/table/tr/td[2]/app-visit-list/table/tr/td[3]/button[2]'.</msg>
<status status="PASS" starttime="20210507 09:44:11.331" endtime="20210507 09:44:14.992"></status>
</kw>
<kw name="Click Button" library="SeleniumLibrary">
<doc>Clicks the button identified by ``locator``.</doc>
<arguments>
<arg>xpath:/html/body/app-root/app-owner-detail/div/div/table[2]/tr/app-pet-list/table/tr/td[2]/app-visit-list/table/tr/td[3]/button[2]</arg>
</arguments>
<msg timestamp="20210507 09:44:14.992" level="INFO">Clicking button 'xpath:/html/body/app-root/app-owner-detail/div/div/table[2]/tr/app-pet-list/table/tr/td[2]/app-visit-list/table/tr/td[3]/button[2]'.</msg>
<status status="PASS" starttime="20210507 09:44:14.992" endtime="20210507 09:44:17.595"></status>
</kw>
<kw name="Page Should Not Contain Element" library="SeleniumLibrary">
<doc>Verifies that element ``locator`` is not found on the current page.</doc>
<arguments>
<arg>xpath:/html/body/app-root/app-owner-detail/div/div/table[2]/tr/app-pet-list/table/tr/td[2]/app-visit-list/table/tr[1]/td[1]</arg>
</arguments>
<msg timestamp="20210507 09:44:18.106" level="INFO">Current page does not contain element 'xpath:/html/body/app-root/app-owner-detail/div/div/table[2]/tr/app-pet-list/table/tr/td[2]/app-visit-list/table/tr[1]/td[1]'.</msg>
<status status="PASS" starttime="20210507 09:44:17.595" endtime="20210507 09:44:18.106"></status>
</kw>
<kw name="Page Should Not Contain Element" library="SeleniumLibrary">
<doc>Verifies that element ``locator`` is not found on the current page.</doc>
<arguments>
<arg>xpath:/html/body/app-root/app-owner-detail/div/div/table[2]/tr/app-pet-list/table/tr/td[2]/app-visit-list/table/tr[2]/td[1]</arg>
</arguments>
<msg timestamp="20210507 09:44:18.642" level="INFO">Current page does not contain element 'xpath:/html/body/app-root/app-owner-detail/div/div/table[2]/tr/app-pet-list/table/tr/td[2]/app-visit-list/table/tr[2]/td[1]'.</msg>
<status status="PASS" starttime="20210507 09:44:18.107" endtime="20210507 09:44:18.642"></status>
</kw>
<status status="PASS" starttime="20210507 09:44:11.331" endtime="20210507 09:44:18.642"></status>
</kw>
<kw name="End Web Test" library="PetKeywords" type="teardown">
<kw name="Close Browser" library="SeleniumLibrary">
<doc>Closes the current browser.</doc>
<status status="PASS" starttime="20210507 09:44:18.644" endtime="20210507 09:44:21.347"></status>
</kw>
<status status="PASS" starttime="20210507 09:44:18.643" endtime="20210507 09:44:21.347"></status>
</kw>
<doc>Adding Multiple petvisits and verifying</doc>
<tags>
<tag>Testing adding Multiple Petvisits and verifying</tag>
</tags>
<status status="PASS" starttime="20210507 09:43:30.667" endtime="20210507 09:44:21.348" critical="yes"></status>
</test>
<doc>This is some basic info about the whole test suite</doc>
<status status="PASS" starttime="20210507 09:43:01.735" endtime="20210507 09:44:21.350"></status>
</suite>
<statistics>
<total>
<stat pass="2" fail="0">Critical Tests</stat>
<stat pass="2" fail="0">All Tests</stat>
</total>
<tag>
<stat pass="1" fail="0">Testing adding a petvisit and verifying</stat>
<stat pass="1" fail="0">Testing adding Multiple Petvisits and verifying</stat>
</tag>
<suite>
<stat pass="2" fail="0" id="s1" name="Pettypesvisitcomplete">Pettypesvisitcomplete</stat>
</suite>
</statistics>
<errors>
</errors>
</robot>
