<?xml version="1.0" encoding="UTF-8"?>
<robot generator="Robot 3.2.2 (Python 3.9.1 on win32)" generated="20210429 14:26:16.329" rpa="false">
<suite id="s1" name="Webtest" source="C:\Users\Sempa\PycharmProjects\spring-petclinic-angular-and-rest-master\spring-petclinic-angular\Robotframework\Tests\webtest.robot">
<kw name="Suite settings" library="keywords" type="setup">
<kw name="Set Selenium Timeout" library="SeleniumLibrary">
<doc>Sets the timeout that is used by various keywords.</doc>
<arguments>
<arg>5 seconds</arg>
</arguments>
<status status="PASS" starttime="20210429 14:26:16.682" endtime="20210429 14:26:16.682"></status>
</kw>
<status status="PASS" starttime="20210429 14:26:16.681" endtime="20210429 14:26:16.682"></status>
</kw>
<test id="s1-t1" name="Test add a new owner">
<kw name="Begin Web Test" library="keywords" type="setup">
<kw name="Open Browser" library="SeleniumLibrary">
<doc>Opens a new browser instance to the optional ``url``.</doc>
<arguments>
<arg>about:blank</arg>
<arg>${BROWSER}</arg>
</arguments>
<msg timestamp="20210429 14:26:16.684" level="INFO">Opening browser 'headless chrome' to base url 'about:blank'.</msg>
<status status="PASS" starttime="20210429 14:26:16.684" endtime="20210429 14:26:18.162"></status>
</kw>
<kw name="Maximize Browser Window" library="SeleniumLibrary">
<doc>Maximizes current browser window.</doc>
<status status="PASS" starttime="20210429 14:26:18.162" endtime="20210429 14:26:18.277"></status>
</kw>
<status status="PASS" starttime="20210429 14:26:16.683" endtime="20210429 14:26:18.277"></status>
</kw>
<kw name="Given that the user is on the landing page" library="keywords">
<kw name="Begin Web Test" library="keywords">
<kw name="Open Browser" library="SeleniumLibrary">
<doc>Opens a new browser instance to the optional ``url``.</doc>
<arguments>
<arg>about:blank</arg>
<arg>${BROWSER}</arg>
</arguments>
<msg timestamp="20210429 14:26:18.278" level="INFO">Opening browser 'headless chrome' to base url 'about:blank'.</msg>
<status status="PASS" starttime="20210429 14:26:18.278" endtime="20210429 14:26:19.398"></status>
</kw>
<kw name="Maximize Browser Window" library="SeleniumLibrary">
<doc>Maximizes current browser window.</doc>
<status status="PASS" starttime="20210429 14:26:19.398" endtime="20210429 14:26:19.513"></status>
</kw>
<status status="PASS" starttime="20210429 14:26:18.278" endtime="20210429 14:26:19.513"></status>
</kw>
<status status="PASS" starttime="20210429 14:26:18.277" endtime="20210429 14:26:19.514"></status>
</kw>
<kw name="When a user Creates a new owner" library="keywords">
<kw name="Click Element" library="SeleniumLibrary">
<doc>Click the element identified by ``locator``.</doc>
<arguments>
<arg>xpath://a[contains(text(),'Owners')]</arg>
</arguments>
<msg timestamp="20210429 14:26:19.515" level="INFO">Clicking element 'xpath://a[contains(text(),'Owners')]'.</msg>
<kw name="Capture Page Screenshot" library="SeleniumLibrary">
<doc>Takes a screenshot of the current page and embeds it into a log file.</doc>
<msg timestamp="20210429 14:26:19.765" level="INFO" html="yes">&lt;/td&gt;&lt;/tr&gt;&lt;tr&gt;&lt;td colspan="3"&gt;&lt;a href="selenium-screenshot-6.png"&gt;&lt;img src="selenium-screenshot-6.png" width="800px"&gt;&lt;/a&gt;</msg>
<status status="PASS" starttime="20210429 14:26:19.535" endtime="20210429 14:26:19.765"></status>
</kw>
<msg timestamp="20210429 14:26:19.860" level="FAIL">Element with locator 'xpath://a[contains(text(),'Owners')]' not found.</msg>
<status status="FAIL" starttime="20210429 14:26:19.515" endtime="20210429 14:26:19.860"></status>
</kw>
<status status="FAIL" starttime="20210429 14:26:19.514" endtime="20210429 14:26:19.860"></status>
</kw>
<doc>Adding a new owner</doc>
<tags>
<tag>Add</tag>
</tags>
<status status="FAIL" starttime="20210429 14:26:16.682" endtime="20210429 14:26:19.862" critical="yes">Element with locator 'xpath://a[contains(text(),'Owners')]' not found.</status>
</test>
<kw name="End Web Test" library="keywords" type="teardown">
<kw name="Close Browser" library="SeleniumLibrary">
<doc>Closes the current browser.</doc>
<status status="PASS" starttime="20210429 14:26:19.868" endtime="20210429 14:26:21.954"></status>
</kw>
<status status="PASS" starttime="20210429 14:26:19.868" endtime="20210429 14:26:21.954"></status>
</kw>
<doc>Testar Selenium och RobotFramework</doc>
<status status="FAIL" starttime="20210429 14:26:16.332" endtime="20210429 14:26:21.954"></status>
</suite>
<statistics>
<total>
<stat pass="0" fail="1">Critical Tests</stat>
<stat pass="0" fail="1">All Tests</stat>
</total>
<tag>
<stat pass="0" fail="1">Add</stat>
</tag>
<suite>
<stat pass="0" fail="1" id="s1" name="Webtest">Webtest</stat>
</suite>
</statistics>
<errors>
</errors>
</robot>
